{"meta": {"format": 3, "version": "7.10.6", "timestamp": "2025-11-15T04:20:51.234556", "branch_coverage": false, "show_contexts": false}, "files": {"custom_components/wiim/__init__.py": {"executed_lines": [1, 20, 22, 23, 25, 26, 40, 41, 43, 44, 45, 46, 47, 48, 49, 50, 53, 54, 59, 60, 62, 65, 77, 84, 94, 97, 98, 101, 103, 104, 105, 106, 107, 109, 110, 111, 116, 117, 118, 120, 122, 123, 125, 130, 134, 136, 137, 138, 140, 141, 142, 143, 145, 150, 153, 155, 158, 160, 161, 162, 163, 166, 167, 168, 169, 171, 172, 173, 176, 177, 179, 180, 181, 182, 184, 185, 186, 187, 190, 191, 192, 193, 194, 195, 196, 198, 199, 204, 209, 211, 212, 213, 214, 217, 218, 219, 220, 222, 223, 224, 227, 228, 230, 231, 235, 236, 241, 242, 243, 244, 245, 246, 247, 249, 250, 251, 257, 261, 262, 265, 271, 279, 283, 286, 287, 288, 295, 296, 302, 308, 336, 344, 360, 363, 371, 373, 379, 380, 381, 382, 385, 386, 387, 388, 400, 408, 410, 414, 415, 416, 419, 420, 426, 434, 435, 441, 444, 446, 449, 450, 455, 456, 457, 460, 461, 468, 469, 470, 471, 477, 487, 494, 497, 500, 502, 508, 511, 514, 516, 517, 518, 519, 520, 521, 524], "summary": {"covered_lines": 184, "num_statements": 226, "percent_covered": 81.41592920353982, "percent_covered_display": "81", "missing_lines": 42, "excluded_lines": 6}, "missing_lines": [197, 206, 232, 233, 237, 238, 248, 252, 254, 280, 303, 312, 314, 315, 316, 319, 320, 321, 322, 324, 326, 333, 389, 390, 397, 401, 406, 421, 422, 424, 427, 433, 442, 443, 462, 463, 465, 478, 479, 485, 526, 527], "excluded_lines": [27, 31, 32, 33, 36, 38], "functions": {"get_enabled_platforms": {"executed_lines": [94, 97, 98, 101, 103, 104, 105, 106, 107, 109, 110, 111, 116, 117, 118, 120, 122, 123, 125, 130, 134, 136, 137, 138, 140, 141, 142, 143, 145, 150], "summary": {"covered_lines": 30, "num_statements": 30, "percent_covered": 100.0, "percent_covered_display": "100", "missing_lines": 0, "excluded_lines": 0}, "missing_lines": [], "excluded_lines": []}, "_update_listener": {"executed_lines": [155], "summary": {"covered_lines": 1, "num_statements": 1, "percent_covered": 100.0, "percent_covered_display": "100", "missing_lines": 0, "excluded_lines": 0}, "missing_lines": [], "excluded_lines": []}, "_reboot_device_service": {"executed_lines": [160, 161, 162, 163, 166, 167, 168, 169, 171, 172, 173, 176, 177, 179, 180, 181, 182, 184, 185, 186, 187, 190, 191, 192, 193, 194, 195, 196, 198, 199, 204], "summary": {"covered_lines": 31, "num_statements": 33, "percent_covered": 93.93939393939394, "percent_covered_display": "94", "missing_lines": 2, "excluded_lines": 0}, "missing_lines": [197, 206], "excluded_lines": []}, "_sync_time_service": {"executed_lines": [211, 212, 213, 214, 217, 218, 219, 220, 222, 223, 224, 227, 228, 230, 231, 235, 236, 241, 242, 243, 244, 245, 246, 247, 249, 250, 251], "summary": {"covered_lines": 27, "num_statements": 34, "percent_covered": 79.41176470588235, "percent_covered_display": "79", "missing_lines": 7, "excluded_lines": 0}, "missing_lines": [232, 233, 237, 238, 248, 252, 254], "excluded_lines": []}, "async_setup_entry": {"executed_lines": [261, 262, 265, 271, 279, 283, 286, 287, 288, 295, 296, 302, 308, 336, 344, 360, 363, 371, 373, 379, 380, 381, 382, 385, 386, 387, 388, 400, 408, 410, 414, 415, 416, 419, 420, 426, 434, 435, 441, 444, 446, 449, 450, 455, 456, 457, 460, 461, 468, 469, 470, 471, 477, 487, 494, 497, 500, 502, 508], "summary": {"covered_lines": 59, "num_statements": 90, "percent_covered": 65.55555555555556, "percent_covered_display": "66", "missing_lines": 31, "excluded_lines": 0}, "missing_lines": [280, 303, 312, 314, 315, 316, 319, 320, 321, 322, 324, 326, 333, 389, 390, 397, 401, 406, 421, 422, 424, 427, 433, 442, 443, 462, 463, 465, 478, 479, 485], "excluded_lines": []}, "async_unload_entry": {"executed_lines": [514, 516, 517, 518, 519, 520, 521], "summary": {"covered_lines": 7, "num_statements": 7, "percent_covered": 100.0, "percent_covered_display": "100", "missing_lines": 0, "excluded_lines": 0}, "missing_lines": [], "excluded_lines": []}, "async_reload_entry": {"executed_lines": [], "summary": {"covered_lines": 0, "num_statements": 2, "percent_covered": 0.0, "percent_covered_display": "0", "missing_lines": 2, "excluded_lines": 0}, "missing_lines": [526, 527], "excluded_lines": []}, "": {"executed_lines": [1, 20, 22, 23, 25, 26, 40, 41, 43, 44, 45, 46, 47, 48, 49, 50, 53, 54, 59, 60, 62, 65, 77, 84, 153, 158, 209, 257, 511, 524], "summary": {"covered_lines": 29, "num_statements": 29, "percent_covered": 100.0, "percent_covered_display": "100", "missing_lines": 0, "excluded_lines": 6}, "missing_lines": [], "excluded_lines": [27, 31, 32, 33, 36, 38]}}, "classes": {"": {"executed_lines": [1, 20, 22, 23, 25, 26, 40, 41, 43, 44, 45, 46, 47, 48, 49, 50, 53, 54, 59, 60, 62, 65, 77, 84, 94, 97, 98, 101, 103, 104, 105, 106, 107, 109, 110, 111, 116, 117, 118, 120, 122, 123, 125, 130, 134, 136, 137, 138, 140, 141, 142, 143, 145, 150, 153, 155, 158, 160, 161, 162, 163, 166, 167, 168, 169, 171, 172, 173, 176, 177, 179, 180, 181, 182, 184, 185, 186, 187, 190, 191, 192, 193, 194, 195, 196, 198, 199, 204, 209, 211, 212, 213, 214, 217, 218, 219, 220, 222, 223, 224, 227, 228, 230, 231, 235, 236, 241, 242, 243, 244, 245, 246, 247, 249, 250, 251, 257, 261, 262, 265, 271, 279, 283, 286, 287, 288, 295, 296, 302, 308, 336, 344, 360, 363, 371, 373, 379, 380, 381, 382, 385, 386, 387, 388, 400, 408, 410, 414, 415, 416, 419, 420, 426, 434, 435, 441, 444, 446, 449, 450, 455, 456, 457, 460, 461, 468, 469, 470, 471, 477, 487, 494, 497, 500, 502, 508, 511, 514, 516, 517, 518, 519, 520, 521, 524], "summary": {"covered_lines": 184, "num_statements": 226, "percent_covered": 81.41592920353982, "percent_covered_display": "81", "missing_lines": 42, "excluded_lines": 6}, "missing_lines": [197, 206, 232, 233, 237, 238, 248, 252, 254, 280, 303, 312, 314, 315, 316, 319, 320, 321, 322, 324, 326, 333, 389, 390, 397, 401, 406, 421, 422, 424, 427, 433, 442, 443, 462, 463, 465, 478, 479, 485, 526, 527], "excluded_lines": [27, 31, 32, 33, 36, 38]}}}, "custom_components/wiim/binary_sensor.py": {"executed_lines": [1, 7, 9, 11, 15, 16, 17, 19, 20, 21, 23, 26, 36, 37, 39, 42, 43, 45, 46, 49, 50, 56, 57, 59, 61, 62, 63, 64, 66, 67, 69, 71, 72, 74, 80, 81, 82, 91, 92, 94], "summary": {"covered_lines": 38, "num_statements": 38, "percent_covered": 100.0, "percent_covered_display": "100", "missing_lines": 0, "excluded_lines": 0}, "missing_lines": [], "excluded_lines": [], "functions": {"async_setup_entry": {"executed_lines": [36, 37, 39, 42, 43, 45, 46], "summary": {"covered_lines": 7, "num_statements": 7, "percent_covered": 100.0, "percent_covered_display": "100", "missing_lines": 0, "excluded_lines": 0}, "missing_lines": [], "excluded_lines": []}, "WiiMConnectivityBinarySensor.__init__": {"executed_lines": [61, 62, 63, 64], "summary": {"covered_lines": 4, "num_statements": 4, "percent_covered": 100.0, "percent_covered_display": "100", "missing_lines": 0, "excluded_lines": 0}, "missing_lines": [], "excluded_lines": []}, "WiiMConnectivityBinarySensor.is_on": {"executed_lines": [69], "summary": {"covered_lines": 1, "num_statements": 1, "percent_covered": 100.0, "percent_covered_display": "100", "missing_lines": 0, "excluded_lines": 0}, "missing_lines": [], "excluded_lines": []}, "WiiMConnectivityBinarySensor.extra_state_attributes": {"executed_lines": [74, 80, 81, 82, 91, 92, 94], "summary": {"covered_lines": 7, "num_statements": 7, "percent_covered": 100.0, "percent_covered_display": "100", "missing_lines": 0, "excluded_lines": 0}, "missing_lines": [], "excluded_lines": []}, "": {"executed_lines": [1, 7, 9, 11, 15, 16, 17, 19, 20, 21, 23, 26, 49, 50, 56, 57, 59, 66, 67, 71, 72], "summary": {"covered_lines": 19, "num_statements": 19, "percent_covered": 100.0, "percent_covered_display": "100", "missing_lines": 0, "excluded_lines": 0}, "missing_lines": [], "excluded_lines": []}}, "classes": {"WiiMConnectivityBinarySensor": {"executed_lines": [61, 62, 63, 64, 69, 74, 80, 81, 82, 91, 92, 94], "summary": {"covered_lines": 12, "num_statements": 12, "percent_covered": 100.0, "percent_covered_display": "100", "missing_lines": 0, "excluded_lines": 0}, "missing_lines": [], "excluded_lines": []}, "": {"executed_lines": [1, 7, 9, 11, 15, 16, 17, 19, 20, 21, 23, 26, 36, 37, 39, 42, 43, 45, 46, 49, 50, 56, 57, 59, 66, 67, 71, 72], "summary": {"covered_lines": 26, "num_statements": 26, "percent_covered": 100.0, "percent_covered_display": "100", "missing_lines": 0, "excluded_lines": 0}, "missing_lines": [], "excluded_lines": []}}}, "custom_components/wiim/button.py": {"executed_lines": [1, 7, 9, 11, 12, 13, 14, 15, 17, 18, 20, 23, 33, 34, 36, 38, 39, 49, 50, 53, 54, 59, 61, 63, 64, 65, 67, 68, 70, 72, 78, 79, 80, 84, 87, 94, 97, 98, 103, 105, 107, 108, 109, 111, 112, 114, 116, 122, 123, 124, 127, 128, 129, 132, 133, 139, 141, 148, 149, 153, 154, 162], "summary": {"covered_lines": 58, "num_statements": 104, "percent_covered": 55.76923076923077, "percent_covered_display": "56", "missing_lines": 46, "excluded_lines": 0}, "missing_lines": [81, 82, 125, 143, 144, 145, 146, 151, 158, 159, 160, 169, 170, 171, 176, 178, 179, 180, 182, 184, 185, 186, 189, 192, 195, 200, 201, 202, 210, 217, 224, 225, 226, 228, 231, 232, 239, 242, 247, 248, 250, 251, 252, 253, 256, 257], "excluded_lines": [], "functions": {"async_setup_entry": {"executed_lines": [33, 34, 36, 38, 39, 49, 50], "summary": {"covered_lines": 7, "num_statements": 7, "percent_covered": 100.0, "percent_covered_display": "100", "missing_lines": 0, "excluded_lines": 0}, "missing_lines": [], "excluded_lines": []}, "WiiMRebootButton.__init__": {"executed_lines": [63, 64, 65], "summary": {"covered_lines": 3, "num_statements": 3, "percent_covered": 100.0, "percent_covered_display": "100", "missing_lines": 0, "excluded_lines": 0}, "missing_lines": [], "excluded_lines": []}, "WiiMRebootButton.name": {"executed_lines": [70], "summary": {"covered_lines": 1, "num_statements": 1, "percent_covered": 100.0, "percent_covered_display": "100", "missing_lines": 0, "excluded_lines": 0}, "missing_lines": [], "excluded_lines": []}, "WiiMRebootButton.async_press": {"executed_lines": [78, 79, 80, 84, 87, 94], "summary": {"covered_lines": 6, "num_statements": 8, "percent_covered": 75.0, "percent_covered_display": "75", "missing_lines": 2, "excluded_lines": 0}, "missing_lines": [81, 82], "excluded_lines": []}, "WiiMSyncTimeButton.__init__": {"executed_lines": [107, 108, 109], "summary": {"covered_lines": 3, "num_statements": 3, "percent_covered": 100.0, "percent_covered_display": "100", "missing_lines": 0, "excluded_lines": 0}, "missing_lines": [], "excluded_lines": []}, "WiiMSyncTimeButton.name": {"executed_lines": [114], "summary": {"covered_lines": 1, "num_statements": 1, "percent_covered": 100.0, "percent_covered_display": "100", "missing_lines": 0, "excluded_lines": 0}, "missing_lines": [], "excluded_lines": []}, "WiiMSyncTimeButton.async_press": {"executed_lines": [122, 123, 124, 127, 128, 129], "summary": {"covered_lines": 6, "num_statements": 7, "percent_covered": 85.71428571428571, "percent_covered_display": "86", "missing_lines": 1, "excluded_lines": 0}, "missing_lines": [125], "excluded_lines": []}, "WiiMBluetoothScanButton.__init__": {"executed_lines": [], "summary": {"covered_lines": 0, "num_statements": 4, "percent_covered": 0.0, "percent_covered_display": "0", "missing_lines": 4, "excluded_lines": 0}, "missing_lines": [143, 144, 145, 146], "excluded_lines": []}, "WiiMBluetoothScanButton.name": {"executed_lines": [], "summary": {"covered_lines": 0, "num_statements": 1, "percent_covered": 0.0, "percent_covered_display": "0", "missing_lines": 1, "excluded_lines": 0}, "missing_lines": [151], "excluded_lines": []}, "WiiMBluetoothScanButton.available": {"executed_lines": [], "summary": {"covered_lines": 0, "num_statements": 3, "percent_covered": 0.0, "percent_covered_display": "0", "missing_lines": 3, "excluded_lines": 0}, "missing_lines": [158, 159, 160], "excluded_lines": []}, "WiiMBluetoothScanButton.async_press": {"executed_lines": [], "summary": {"covered_lines": 0, "num_statements": 35, "percent_covered": 0.0, "percent_covered_display": "0", "missing_lines": 35, "excluded_lines": 0}, "missing_lines": [169, 170, 171, 176, 178, 179, 180, 182, 184, 185, 186, 189, 192, 195, 200, 201, 202, 210, 217, 224, 225, 226, 228, 231, 232, 239, 242, 247, 248, 250, 251, 252, 253, 256, 257], "excluded_lines": []}, "": {"executed_lines": [1, 7, 9, 11, 12, 13, 14, 15, 17, 18, 20, 23, 53, 54, 59, 61, 67, 68, 72, 97, 98, 103, 105, 111, 112, 116, 132, 133, 139, 141, 148, 149, 153, 154, 162], "summary": {"covered_lines": 31, "num_statements": 31, "percent_covered": 100.0, "percent_covered_display": "100", "missing_lines": 0, "excluded_lines": 0}, "missing_lines": [], "excluded_lines": []}}, "classes": {"WiiMRebootButton": {"executed_lines": [63, 64, 65, 70, 78, 79, 80, 84, 87, 94], "summary": {"covered_lines": 10, "num_statements": 12, "percent_covered": 83.33333333333333, "percent_covered_display": "83", "missing_lines": 2, "excluded_lines": 0}, "missing_lines": [81, 82], "excluded_lines": []}, "WiiMSyncTimeButton": {"executed_lines": [107, 108, 109, 114, 122, 123, 124, 127, 128, 129], "summary": {"covered_lines": 10, "num_statements": 11, "percent_covered": 90.9090909090909, "percent_covered_display": "91", "missing_lines": 1, "excluded_lines": 0}, "missing_lines": [125], "excluded_lines": []}, "WiiMBluetoothScanButton": {"executed_lines": [], "summary": {"covered_lines": 0, "num_statements": 43, "percent_covered": 0.0, "percent_covered_display": "0", "missing_lines": 43, "excluded_lines": 0}, "missing_lines": [143, 144, 145, 146, 151, 158, 159, 160, 169, 170, 171, 176, 178, 179, 180, 182, 184, 185, 186, 189, 192, 195, 200, 201, 202, 210, 217, 224, 225, 226, 228, 231, 232, 239, 242, 247, 248, 250, 251, 252, 253, 256, 257], "excluded_lines": []}, "": {"executed_lines": [1, 7, 9, 11, 12, 13, 14, 15, 17, 18, 20, 23, 33, 34, 36, 38, 39, 49, 50, 53, 54, 59, 61, 67, 68, 72, 97, 98, 103, 105, 111, 112, 116, 132, 133, 139, 141, 148, 149, 153, 154, 162], "summary": {"covered_lines": 38, "num_statements": 38, "percent_covered": 100.0, "percent_covered_display": "100", "missing_lines": 0, "excluded_lines": 0}, "missing_lines": [], "excluded_lines": []}}}, "custom_components/wiim/config_flow.py": {"executed_lines": [1, 8, 10, 11, 12, 14, 15, 16, 17, 18, 19, 20, 22, 23, 32, 35, 36, 38, 40, 42, 43, 45, 46, 47, 53, 59, 107, 132, 152, 170, 172, 174, 175, 198, 224, 257, 285, 290, 291, 293, 297], "summary": {"covered_lines": 38, "num_statements": 176, "percent_covered": 21.59090909090909, "percent_covered_display": "22", "missing_lines": 138, "excluded_lines": 0}, "missing_lines": [51, 57, 61, 63, 65, 66, 68, 69, 72, 73, 74, 75, 76, 77, 79, 80, 82, 83, 84, 86, 87, 89, 91, 93, 94, 96, 98, 105, 109, 110, 112, 113, 115, 116, 117, 119, 120, 122, 124, 126, 134, 135, 136, 138, 139, 140, 141, 142, 143, 144, 145, 146, 147, 148, 150, 154, 155, 157, 158, 160, 161, 162, 164, 165, 167, 168, 177, 178, 179, 181, 182, 184, 185, 186, 188, 189, 191, 196, 200, 201, 202, 203, 205, 206, 208, 209, 211, 212, 214, 215, 216, 218, 219, 221, 222, 226, 227, 228, 230, 231, 233, 234, 236, 237, 238, 240, 241, 242, 243, 245, 247, 259, 261, 262, 263, 265, 271, 272, 277, 279, 280, 287, 295, 299, 300, 303, 304, 307, 308, 309, 310, 312, 315, 316, 318, 319, 321, 331], "excluded_lines": [], "functions": {"WiiMConfigFlow.__init__": {"executed_lines": [42, 43], "summary": {"covered_lines": 2, "num_statements": 2, "percent_covered": 100.0, "percent_covered_display": "100", "missing_lines": 0, "excluded_lines": 0}, "missing_lines": [], "excluded_lines": []}, "WiiMConfigFlow.async_get_options_flow": {"executed_lines": [], "summary": {"covered_lines": 0, "num_statements": 1, "percent_covered": 0.0, "percent_covered_display": "0", "missing_lines": 1, "excluded_lines": 0}, "missing_lines": [51], "excluded_lines": []}, "WiiMConfigFlow.async_step_user": {"executed_lines": [], "summary": {"covered_lines": 0, "num_statements": 1, "percent_covered": 0.0, "percent_covered_display": "0", "missing_lines": 1, "excluded_lines": 0}, "missing_lines": [57], "excluded_lines": []}, "WiiMConfigFlow.async_step_discovery": {"executed_lines": [], "summary": {"covered_lines": 0, "num_statements": 26, "percent_covered": 0.0, "percent_covered_display": "0", "missing_lines": 26, "excluded_lines": 0}, "missing_lines": [61, 63, 65, 66, 68, 69, 72, 73, 74, 75, 76, 77, 79, 80, 82, 83, 84, 86, 87, 89, 91, 93, 94, 96, 98, 105], "excluded_lines": []}, "WiiMConfigFlow.async_step_manual": {"executed_lines": [], "summary": {"covered_lines": 0, "num_statements": 12, "percent_covered": 0.0, "percent_covered_display": "0", "missing_lines": 12, "excluded_lines": 0}, "missing_lines": [109, 110, 112, 113, 115, 116, 117, 119, 120, 122, 124, 126], "excluded_lines": []}, "WiiMConfigFlow._discover_devices": {"executed_lines": [], "summary": {"covered_lines": 0, "num_statements": 15, "percent_covered": 0.0, "percent_covered_display": "0", "missing_lines": 15, "excluded_lines": 0}, "missing_lines": [134, 135, 136, 138, 139, 140, 141, 142, 143, 144, 145, 146, 147, 148, 150], "excluded_lines": []}, "WiiMConfigFlow.async_step_zeroconf": {"executed_lines": [], "summary": {"covered_lines": 0, "num_statements": 11, "percent_covered": 0.0, "percent_covered_display": "0", "missing_lines": 11, "excluded_lines": 0}, "missing_lines": [154, 155, 157, 158, 160, 161, 162, 164, 165, 167, 168], "excluded_lines": []}, "WiiMConfigFlow.async_step_ssdp": {"executed_lines": [172, 174, 175], "summary": {"covered_lines": 3, "num_statements": 15, "percent_covered": 20.0, "percent_covered_display": "20", "missing_lines": 12, "excluded_lines": 0}, "missing_lines": [177, 178, 179, 181, 182, 184, 185, 186, 188, 189, 191, 196], "excluded_lines": []}, "WiiMConfigFlow.async_step_integration_discovery": {"executed_lines": [], "summary": {"covered_lines": 0, "num_statements": 17, "percent_covered": 0.0, "percent_covered_display": "0", "missing_lines": 17, "excluded_lines": 0}, "missing_lines": [200, 201, 202, 203, 205, 206, 208, 209, 211, 212, 214, 215, 216, 218, 219, 221, 222], "excluded_lines": []}, "WiiMConfigFlow.async_step_missing_device": {"executed_lines": [], "summary": {"covered_lines": 0, "num_statements": 16, "percent_covered": 0.0, "percent_covered_display": "0", "missing_lines": 16, "excluded_lines": 0}, "missing_lines": [226, 227, 228, 230, 231, 233, 234, 236, 237, 238, 240, 241, 242, 243, 245, 247], "excluded_lines": []}, "WiiMConfigFlow.async_step_discovery_confirm": {"executed_lines": [], "summary": {"covered_lines": 0, "num_statements": 10, "percent_covered": 0.0, "percent_covered_display": "0", "missing_lines": 10, "excluded_lines": 0}, "missing_lines": [259, 261, 262, 263, 265, 271, 272, 277, 279, 280], "excluded_lines": []}, "WiiMConfigFlow.is_matching": {"executed_lines": [], "summary": {"covered_lines": 0, "num_statements": 1, "percent_covered": 0.0, "percent_covered_display": "0", "missing_lines": 1, "excluded_lines": 0}, "missing_lines": [287], "excluded_lines": []}, "WiiMOptionsFlow.__init__": {"executed_lines": [], "summary": {"covered_lines": 0, "num_statements": 1, "percent_covered": 0.0, "percent_covered_display": "0", "missing_lines": 1, "excluded_lines": 0}, "missing_lines": [295], "excluded_lines": []}, "WiiMOptionsFlow.async_step_init": {"executed_lines": [], "summary": {"covered_lines": 0, "num_statements": 15, "percent_covered": 0.0, "percent_covered_display": "0", "missing_lines": 15, "excluded_lines": 0}, "missing_lines": [299, 300, 303, 304, 307, 308, 309, 310, 312, 315, 316, 318, 319, 321, 331], "excluded_lines": []}, "": {"executed_lines": [1, 8, 10, 11, 12, 14, 15, 16, 17, 18, 19, 20, 22, 23, 32, 35, 36, 38, 40, 45, 46, 47, 53, 59, 107, 132, 152, 170, 198, 224, 257, 285, 290, 291, 293, 297], "summary": {"covered_lines": 33, "num_statements": 33, "percent_covered": 100.0, "percent_covered_display": "100", "missing_lines": 0, "excluded_lines": 0}, "missing_lines": [], "excluded_lines": []}}, "classes": {"WiiMConfigFlow": {"executed_lines": [42, 43, 172, 174, 175], "summary": {"covered_lines": 5, "num_statements": 127, "percent_covered": 3.937007874015748, "percent_covered_display": "4", "missing_lines": 122, "excluded_lines": 0}, "missing_lines": [51, 57, 61, 63, 65, 66, 68, 69, 72, 73, 74, 75, 76, 77, 79, 80, 82, 83, 84, 86, 87, 89, 91, 93, 94, 96, 98, 105, 109, 110, 112, 113, 115, 116, 117, 119, 120, 122, 124, 126, 134, 135, 136, 138, 139, 140, 141, 142, 143, 144, 145, 146, 147, 148, 150, 154, 155, 157, 158, 160, 161, 162, 164, 165, 167, 168, 177, 178, 179, 181, 182, 184, 185, 186, 188, 189, 191, 196, 200, 201, 202, 203, 205, 206, 208, 209, 211, 212, 214, 215, 216, 218, 219, 221, 222, 226, 227, 228, 230, 231, 233, 234, 236, 237, 238, 240, 241, 242, 243, 245, 247, 259, 261, 262, 263, 265, 271, 272, 277, 279, 280, 287], "excluded_lines": []}, "WiiMOptionsFlow": {"executed_lines": [], "summary": {"covered_lines": 0, "num_statements": 16, "percent_covered": 0.0, "percent_covered_display": "0", "missing_lines": 16, "excluded_lines": 0}, "missing_lines": [295, 299, 300, 303, 304, 307, 308, 309, 310, 312, 315, 316, 318, 319, 321, 331], "excluded_lines": []}, "": {"executed_lines": [1, 8, 10, 11, 12, 14, 15, 16, 17, 18, 19, 20, 22, 23, 32, 35, 36, 38, 40, 45, 46, 47, 53, 59, 107, 132, 152, 170, 198, 224, 257, 285, 290, 291, 293, 297], "summary": {"covered_lines": 33, "num_statements": 33, "percent_covered": 100.0, "percent_covered_display": "100", "missing_lines": 0, "excluded_lines": 0}, "missing_lines": [], "excluded_lines": []}}}, "custom_components/wiim/const.py": {"executed_lines": [1, 7, 9, 12, 13, 14, 15, 16, 17, 20], "summary": {"covered_lines": 9, "num_statements": 9, "percent_covered": 100.0, "percent_covered_display": "100", "missing_lines": 0, "excluded_lines": 0}, "missing_lines": [], "excluded_lines": [], "functions": {"": {"executed_lines": [1, 7, 9, 12, 13, 14, 15, 16, 17, 20], "summary": {"covered_lines": 9, "num_statements": 9, "percent_covered": 100.0, "percent_covered_display": "100", "missing_lines": 0, "excluded_lines": 0}, "missing_lines": [], "excluded_lines": []}}, "classes": {"": {"executed_lines": [1, 7, 9, 12, 13, 14, 15, 16, 17, 20], "summary": {"covered_lines": 9, "num_statements": 9, "percent_covered": 100.0, "percent_covered_display": "100", "missing_lines": 0, "excluded_lines": 0}, "missing_lines": [], "excluded_lines": []}}}, "custom_components/wiim/coordinator.py": {"executed_lines": [1, 3, 5, 6, 7, 8, 10, 11, 12, 13, 16, 17, 20, 21, 22, 24, 27, 28, 30, 38, 44, 45, 46, 47, 48, 49, 52, 55, 56, 59, 60, 61, 62, 63, 65, 67, 69, 249, 250, 252, 254, 256], "summary": {"covered_lines": 40, "num_statements": 148, "percent_covered": 27.027027027027028, "percent_covered_display": "27", "missing_lines": 108, "excluded_lines": 0}, "missing_lines": [19, 72, 73, 74, 77, 80, 81, 85, 92, 93, 98, 99, 104, 107, 116, 117, 118, 119, 122, 123, 125, 126, 127, 128, 129, 130, 131, 134, 135, 136, 137, 138, 139, 140, 143, 144, 145, 146, 147, 148, 149, 150, 151, 153, 154, 155, 156, 157, 158, 160, 161, 162, 163, 164, 165, 167, 168, 172, 173, 175, 176, 177, 178, 181, 182, 183, 184, 185, 186, 187, 188, 189, 192, 193, 196, 197, 198, 201, 202, 203, 204, 207, 234, 235, 236, 237, 240, 241, 242, 243, 247, 253, 258, 259, 261, 263, 264, 265, 266, 267, 269, 271, 272, 278, 283, 287, 288, 294], "excluded_lines": [], "functions": {"WiiMCoordinator.__init__": {"executed_lines": [38, 44, 45, 46, 47, 48, 49, 52, 55, 56, 59, 60, 61, 62, 63], "summary": {"covered_lines": 15, "num_statements": 15, "percent_covered": 100.0, "percent_covered_display": "100", "missing_lines": 0, "excluded_lines": 0}, "missing_lines": [], "excluded_lines": []}, "WiiMCoordinator._async_update_data": {"executed_lines": [67, 69, 249, 250, 252, 254], "summary": {"covered_lines": 6, "num_statements": 97, "percent_covered": 6.185567010309279, "percent_covered_display": "6", "missing_lines": 91, "excluded_lines": 0}, "missing_lines": [72, 73, 74, 77, 80, 81, 85, 92, 93, 98, 99, 104, 107, 116, 117, 118, 119, 122, 123, 125, 126, 127, 128, 129, 130, 131, 134, 135, 136, 137, 138, 139, 140, 143, 144, 145, 146, 147, 148, 149, 150, 151, 153, 154, 155, 156, 157, 158, 160, 161, 162, 163, 164, 165, 167, 168, 172, 173, 175, 176, 177, 178, 181, 182, 183, 184, 185, 186, 187, 188, 189, 192, 193, 196, 197, 198, 201, 202, 203, 204, 207, 234, 235, 236, 237, 240, 241, 242, 243, 247, 253], "excluded_lines": []}, "WiiMCoordinator.async_setup_upnp": {"executed_lines": [], "summary": {"covered_lines": 0, "num_statements": 16, "percent_covered": 0.0, "percent_covered_display": "0", "missing_lines": 16, "excluded_lines": 0}, "missing_lines": [258, 259, 261, 263, 264, 265, 266, 267, 269, 271, 272, 278, 283, 287, 288, 294], "excluded_lines": []}, "": {"executed_lines": [1, 3, 5, 6, 7, 8, 10, 11, 12, 13, 16, 17, 20, 21, 22, 24, 27, 28, 30, 65, 256], "summary": {"covered_lines": 19, "num_statements": 20, "percent_covered": 95.0, "percent_covered_display": "95", "missing_lines": 1, "excluded_lines": 0}, "missing_lines": [19], "excluded_lines": []}}, "classes": {"WiiMCoordinator": {"executed_lines": [38, 44, 45, 46, 47, 48, 49, 52, 55, 56, 59, 60, 61, 62, 63, 67, 69, 249, 250, 252, 254], "summary": {"covered_lines": 21, "num_statements": 128, "percent_covered": 16.40625, "percent_covered_display": "16", "missing_lines": 107, "excluded_lines": 0}, "missing_lines": [72, 73, 74, 77, 80, 81, 85, 92, 93, 98, 99, 104, 107, 116, 117, 118, 119, 122, 123, 125, 126, 127, 128, 129, 130, 131, 134, 135, 136, 137, 138, 139, 140, 143, 144, 145, 146, 147, 148, 149, 150, 151, 153, 154, 155, 156, 157, 158, 160, 161, 162, 163, 164, 165, 167, 168, 172, 173, 175, 176, 177, 178, 181, 182, 183, 184, 185, 186, 187, 188, 189, 192, 193, 196, 197, 198, 201, 202, 203, 204, 207, 234, 235, 236, 237, 240, 241, 242, 243, 247, 253, 258, 259, 261, 263, 264, 265, 266, 267, 269, 271, 272, 278, 283, 287, 288, 294], "excluded_lines": []}, "": {"executed_lines": [1, 3, 5, 6, 7, 8, 10, 11, 12, 13, 16, 17, 20, 21, 22, 24, 27, 28, 30, 65, 256], "summary": {"covered_lines": 19, "num_statements": 20, "percent_covered": 95.0, "percent_covered_display": "95", "missing_lines": 1, "excluded_lines": 0}, "missing_lines": [19], "excluded_lines": []}}}, "custom_components/wiim/data.py": {"executed_lines": [1, 6, 8, 9, 11, 12, 13, 14, 16, 17, 19, 22, 24, 33, 34, 36, 43, 44, 45, 46, 47, 49, 51, 53, 54, 56, 58, 59, 61, 62, 63, 66, 67, 69, 71, 72, 74, 75, 76, 79, 80, 82, 84, 85, 87, 88, 89, 92, 93, 95, 97, 98, 100, 102, 103, 105, 106, 108, 110, 111, 113, 114, 115, 118, 121, 122, 124, 126, 127, 130, 131, 134, 135, 137, 139, 140, 143, 146, 147, 149, 150, 151, 154, 155, 157, 159, 161, 169, 170, 177, 178, 179, 180, 181, 182, 189, 191, 192, 198, 208, 220], "summary": {"covered_lines": 82, "num_statements": 125, "percent_covered": 65.6, "percent_covered_display": "66", "missing_lines": 43, "excluded_lines": 2}, "missing_lines": [64, 68, 77, 81, 90, 94, 107, 116, 119, 128, 132, 133, 136, 142, 144, 145, 148, 152, 156, 158, 184, 185, 186, 187, 188, 193, 194, 195, 196, 197, 201, 203, 204, 205, 207, 209, 210, 213, 215, 216, 217, 218, 219], "excluded_lines": [19, 20], "functions": {"Speaker.__init__": {"executed_lines": [43, 44, 45, 46, 47], "summary": {"covered_lines": 5, "num_statements": 5, "percent_covered": 100.0, "percent_covered_display": "100", "missing_lines": 0, "excluded_lines": 0}, "missing_lines": [], "excluded_lines": []}, "Speaker.async_setup": {"executed_lines": [51], "summary": {"covered_lines": 1, "num_statements": 1, "percent_covered": 100.0, "percent_covered_display": "100", "missing_lines": 0, "excluded_lines": 0}, "missing_lines": [], "excluded_lines": []}, "Speaker.uuid": {"executed_lines": [56], "summary": {"covered_lines": 1, "num_statements": 1, "percent_covered": 100.0, "percent_covered_display": "100", "missing_lines": 0, "excluded_lines": 0}, "missing_lines": [], "excluded_lines": []}, "Speaker.name": {"executed_lines": [61, 62, 63, 66, 67, 69], "summary": {"covered_lines": 6, "num_statements": 8, "percent_covered": 75.0, "percent_covered_display": "75", "missing_lines": 2, "excluded_lines": 0}, "missing_lines": [64, 68], "excluded_lines": []}, "Speaker.model": {"executed_lines": [74, 75, 76, 79, 80, 82], "summary": {"covered_lines": 6, "num_statements": 8, "percent_covered": 75.0, "percent_covered_display": "75", "missing_lines": 2, "excluded_lines": 0}, "missing_lines": [77, 81], "excluded_lines": []}, "Speaker.firmware": {"executed_lines": [87, 88, 89, 92, 93, 95], "summary": {"covered_lines": 6, "num_statements": 8, "percent_covered": 75.0, "percent_covered_display": "75", "missing_lines": 2, "excluded_lines": 0}, "missing_lines": [90, 94], "excluded_lines": []}, "Speaker.ip_address": {"executed_lines": [100], "summary": {"covered_lines": 1, "num_statements": 1, "percent_covered": 100.0, "percent_covered_display": "100", "missing_lines": 0, "excluded_lines": 0}, "missing_lines": [], "excluded_lines": []}, "Speaker.mac_address": {"executed_lines": [105, 106, 108], "summary": {"covered_lines": 3, "num_statements": 4, "percent_covered": 75.0, "percent_covered_display": "75", "missing_lines": 1, "excluded_lines": 0}, "missing_lines": [107], "excluded_lines": []}, "Speaker.role": {"executed_lines": [113, 114, 115, 118], "summary": {"covered_lines": 4, "num_statements": 6, "percent_covered": 66.66666666666667, "percent_covered_display": "67", "missing_lines": 2, "excluded_lines": 0}, "missing_lines": [116, 119], "excluded_lines": []}, "Speaker.available": {"executed_lines": [124], "summary": {"covered_lines": 1, "num_statements": 1, "percent_covered": 100.0, "percent_covered_display": "100", "missing_lines": 0, "excluded_lines": 0}, "missing_lines": [], "excluded_lines": []}, "Speaker.device_model": {"executed_lines": [130, 131, 134, 135, 137], "summary": {"covered_lines": 3, "num_statements": 6, "percent_covered": 50.0, "percent_covered_display": "50", "missing_lines": 3, "excluded_lines": 0}, "missing_lines": [132, 133, 136], "excluded_lines": []}, "Speaker.input_list": {"executed_lines": [143, 146, 147, 149, 150], "summary": {"covered_lines": 4, "num_statements": 8, "percent_covered": 50.0, "percent_covered_display": "50", "missing_lines": 4, "excluded_lines": 0}, "missing_lines": [142, 144, 145, 148], "excluded_lines": []}, "Speaker.async_write_entity_states": {"executed_lines": [154], "summary": {"covered_lines": 1, "num_statements": 1, "percent_covered": 100.0, "percent_covered_display": "100", "missing_lines": 0, "excluded_lines": 0}, "missing_lines": [], "excluded_lines": []}, "Speaker._register_ha_device": {"executed_lines": [157, 159, 161, 169, 170], "summary": {"covered_lines": 3, "num_statements": 4, "percent_covered": 75.0, "percent_covered_display": "75", "missing_lines": 1, "excluded_lines": 0}, "missing_lines": [158], "excluded_lines": []}, "get_speaker_from_config_entry": {"executed_lines": [], "summary": {"covered_lines": 0, "num_statements": 5, "percent_covered": 0.0, "percent_covered_display": "0", "missing_lines": 5, "excluded_lines": 0}, "missing_lines": [184, 185, 186, 187, 188], "excluded_lines": []}, "find_speaker_by_uuid": {"executed_lines": [192, 198], "summary": {"covered_lines": 1, "num_statements": 6, "percent_covered": 16.666666666666668, "percent_covered_display": "17", "missing_lines": 5, "excluded_lines": 0}, "missing_lines": [193, 194, 195, 196, 197], "excluded_lines": []}, "find_speaker_by_ip": {"executed_lines": [208], "summary": {"covered_lines": 1, "num_statements": 7, "percent_covered": 14.285714285714286, "percent_covered_display": "14", "missing_lines": 6, "excluded_lines": 0}, "missing_lines": [203, 204, 205, 207, 209, 210], "excluded_lines": []}, "get_all_speakers": {"executed_lines": [], "summary": {"covered_lines": 0, "num_statements": 5, "percent_covered": 0.0, "percent_covered_display": "0", "missing_lines": 5, "excluded_lines": 0}, "missing_lines": [215, 216, 217, 218, 219], "excluded_lines": []}, "": {"executed_lines": [1, 6, 8, 9, 11, 12, 13, 14, 16, 17, 19, 22, 24, 33, 34, 36, 49, 53, 54, 58, 59, 71, 72, 84, 85, 97, 98, 102, 103, 110, 111, 121, 122, 126, 127, 139, 140, 151, 155, 177, 178, 179, 180, 181, 182, 189, 191], "summary": {"covered_lines": 35, "num_statements": 40, "percent_covered": 87.5, "percent_covered_display": "88", "missing_lines": 5, "excluded_lines": 2}, "missing_lines": [128, 152, 156, 201, 213], "excluded_lines": [19, 20]}}, "classes": {"Speaker": {"executed_lines": [43, 44, 45, 46, 47, 51, 56, 61, 62, 63, 66, 67, 69, 74, 75, 76, 79, 80, 82, 87, 88, 89, 92, 93, 95, 100, 105, 106, 108, 113, 114, 115, 118, 124, 130, 131, 134, 135, 137, 143, 146, 147, 149, 150, 154, 157, 159, 161, 169, 170], "summary": {"covered_lines": 45, "num_statements": 62, "percent_covered": 72.58064516129032, "percent_covered_display": "73", "missing_lines": 17, "excluded_lines": 0}, "missing_lines": [64, 68, 77, 81, 90, 94, 107, 116, 119, 132, 133, 136, 142, 144, 145, 148, 158], "excluded_lines": []}, "": {"executed_lines": [1, 6, 8, 9, 11, 12, 13, 14, 16, 17, 19, 22, 24, 33, 34, 36, 49, 53, 54, 58, 59, 71, 72, 84, 85, 97, 98, 102, 103, 110, 111, 121, 122, 126, 127, 139, 140, 151, 155, 177, 178, 179, 180, 181, 182, 189, 191, 192, 198, 208], "summary": {"covered_lines": 37, "num_statements": 63, "percent_covered": 58.73015873015873, "percent_covered_display": "59", "missing_lines": 26, "excluded_lines": 2}, "missing_lines": [128, 152, 156, 184, 185, 186, 187, 188, 193, 194, 195, 196, 197, 201, 203, 204, 205, 207, 209, 210, 213, 215, 216, 217, 218, 219], "excluded_lines": [19, 20]}}}, "custom_components/wiim/diagnostics.py": {"executed_lines": [1, 3, 5, 6, 8, 9, 10, 11, 13, 15, 18, 40, 42, 44, 45, 46, 53, 56, 57, 58, 76, 83, 100, 101, 102, 108, 110, 112, 113, 114, 117, 118, 119, 122, 123, 124, 125, 133, 145, 146, 147, 148, 159, 160, 177, 178, 179, 180, 189, 190, 191, 201, 207, 208, 209, 210, 211, 213, 214, 215, 223, 233, 234, 235, 241, 242, 243, 246, 247, 251, 264, 265, 266], "summary": {"covered_lines": 72, "num_statements": 77, "percent_covered": 93.50649350649351, "percent_covered_display": "94", "missing_lines": 5, "excluded_lines": 0}, "missing_lines": [216, 217, 218, 220, 221], "excluded_lines": [], "functions": {"async_get_config_entry_diagnostics": {"executed_lines": [42, 44, 45, 46, 53, 56, 57, 58, 76, 83, 100, 101, 102], "summary": {"covered_lines": 13, "num_statements": 13, "percent_covered": 100.0, "percent_covered_display": "100", "missing_lines": 0, "excluded_lines": 0}, "missing_lines": [], "excluded_lines": []}, "async_get_device_diagnostics": {"executed_lines": [110, 112, 113, 114, 117, 118, 119, 122, 123, 124, 125, 133, 145, 146, 147, 148, 159, 160, 177, 178, 179, 180, 189, 190, 191, 201, 207, 208, 209, 210, 211, 213, 214, 215, 223, 233, 234, 235, 241, 242, 243, 246, 247, 251, 264, 265, 266], "summary": {"covered_lines": 47, "num_statements": 52, "percent_covered": 90.38461538461539, "percent_covered_display": "90", "missing_lines": 5, "excluded_lines": 0}, "missing_lines": [216, 217, 218, 220, 221], "excluded_lines": []}, "": {"executed_lines": [1, 3, 5, 6, 8, 9, 10, 11, 13, 15, 18, 40, 108], "summary": {"covered_lines": 12, "num_statements": 12, "percent_covered": 100.0, "percent_covered_display": "100", "missing_lines": 0, "excluded_lines": 0}, "missing_lines": [], "excluded_lines": []}}, "classes": {"": {"executed_lines": [1, 3, 5, 6, 8, 9, 10, 11, 13, 15, 18, 40, 42, 44, 45, 46, 53, 56, 57, 58, 76, 83, 100, 101, 102, 108, 110, 112, 113, 114, 117, 118, 119, 122, 123, 124, 125, 133, 145, 146, 147, 148, 159, 160, 177, 178, 179, 180, 189, 190, 191, 201, 207, 208, 209, 210, 211, 213, 214, 215, 223, 233, 234, 235, 241, 242, 243, 246, 247, 251, 264, 265, 266], "summary": {"covered_lines": 72, "num_statements": 77, "percent_covered": 93.50649350649351, "percent_covered_display": "94", "missing_lines": 5, "excluded_lines": 0}, "missing_lines": [216, 217, 218, 220, 221], "excluded_lines": []}}}, "custom_components/wiim/entity.py": {"executed_lines": [1, 3, 5, 6, 8, 11, 12, 14, 16, 17, 19, 20, 22, 24, 25, 27, 29], "summary": {"covered_lines": 15, "num_statements": 16, "percent_covered": 93.75, "percent_covered_display": "94", "missing_lines": 1, "excluded_lines": 0}, "missing_lines": [34], "excluded_lines": [], "functions": {"WiimEntity.__init__": {"executed_lines": [16, 17], "summary": {"covered_lines": 2, "num_statements": 2, "percent_covered": 100.0, "percent_covered_display": "100", "missing_lines": 0, "excluded_lines": 0}, "missing_lines": [], "excluded_lines": []}, "WiimEntity.device_info": {"executed_lines": [22], "summary": {"covered_lines": 1, "num_statements": 1, "percent_covered": 100.0, "percent_covered_display": "100", "missing_lines": 0, "excluded_lines": 0}, "missing_lines": [], "excluded_lines": []}, "WiimEntity.available": {"executed_lines": [27], "summary": {"covered_lines": 1, "num_statements": 1, "percent_covered": 100.0, "percent_covered_display": "100", "missing_lines": 0, "excluded_lines": 0}, "missing_lines": [], "excluded_lines": []}, "WiimEntity._async_execute_command_with_refresh": {"executed_lines": [], "summary": {"covered_lines": 0, "num_statements": 1, "percent_covered": 0.0, "percent_covered_display": "0", "missing_lines": 1, "excluded_lines": 0}, "missing_lines": [34], "excluded_lines": []}, "": {"executed_lines": [1, 3, 5, 6, 8, 11, 12, 14, 19, 20, 24, 25, 29], "summary": {"covered_lines": 11, "num_statements": 11, "percent_covered": 100.0, "percent_covered_display": "100", "missing_lines": 0, "excluded_lines": 0}, "missing_lines": [], "excluded_lines": []}}, "classes": {"WiimEntity": {"executed_lines": [16, 17, 22, 27], "summary": {"covered_lines": 4, "num_statements": 5, "percent_covered": 80.0, "percent_covered_display": "80", "missing_lines": 1, "excluded_lines": 0}, "missing_lines": [34], "excluded_lines": []}, "": {"executed_lines": [1, 3, 5, 6, 8, 11, 12, 14, 19, 20, 24, 25, 29], "summary": {"covered_lines": 11, "num_statements": 11, "percent_covered": 100.0, "percent_covered_display": "100", "missing_lines": 0, "excluded_lines": 0}, "missing_lines": [], "excluded_lines": []}}}, "custom_components/wiim/light.py": {"executed_lines": [1, 3, 5, 6, 8, 9, 10, 11, 13, 14, 16, 19, 25, 29, 30, 31, 34, 35, 37, 38, 39, 41, 43, 45, 46, 47, 49, 50, 55, 56, 59, 61, 65, 66, 68, 70, 71, 73, 78, 81, 82, 84, 90, 91, 96, 97, 98, 108, 110, 111, 112, 113, 114, 122, 124, 125, 127, 128, 130, 132, 134, 135, 136], "summary": {"covered_lines": 61, "num_statements": 77, "percent_covered": 79.22077922077922, "percent_covered_display": "79", "missing_lines": 16, "excluded_lines": 0}, "missing_lines": [62, 63, 94, 95, 101, 102, 103, 106, 117, 118, 120, 133, 138, 139, 140, 142], "excluded_lines": [], "functions": {"async_setup_entry": {"executed_lines": [25, 29, 30, 31], "summary": {"covered_lines": 4, "num_statements": 4, "percent_covered": 100.0, "percent_covered_display": "100", "missing_lines": 0, "excluded_lines": 0}, "missing_lines": [], "excluded_lines": []}, "WiiMLEDLight.__init__": {"executed_lines": [45, 46, 47, 49, 50], "summary": {"covered_lines": 5, "num_statements": 5, "percent_covered": 100.0, "percent_covered_display": "100", "missing_lines": 0, "excluded_lines": 0}, "missing_lines": [], "excluded_lines": []}, "WiiMLEDLight.available": {"executed_lines": [59, 61], "summary": {"covered_lines": 2, "num_statements": 4, "percent_covered": 50.0, "percent_covered_display": "50", "missing_lines": 2, "excluded_lines": 0}, "missing_lines": [62, 63], "excluded_lines": []}, "WiiMLEDLight.is_on": {"executed_lines": [68], "summary": {"covered_lines": 1, "num_statements": 1, "percent_covered": 100.0, "percent_covered_display": "100", "missing_lines": 0, "excluded_lines": 0}, "missing_lines": [], "excluded_lines": []}, "WiiMLEDLight.brightness": {"executed_lines": [73], "summary": {"covered_lines": 1, "num_statements": 1, "percent_covered": 100.0, "percent_covered_display": "100", "missing_lines": 0, "excluded_lines": 0}, "missing_lines": [], "excluded_lines": []}, "WiiMLEDLight.async_turn_on": {"executed_lines": [81, 82, 84, 90, 91, 96, 97, 98], "summary": {"covered_lines": 8, "num_statements": 14, "percent_covered": 57.142857142857146, "percent_covered_display": "57", "missing_lines": 6, "excluded_lines": 0}, "missing_lines": [94, 95, 101, 102, 103, 106], "excluded_lines": []}, "WiiMLEDLight.async_turn_off": {"executed_lines": [110, 111, 112, 113, 114], "summary": {"covered_lines": 5, "num_statements": 8, "percent_covered": 62.5, "percent_covered_display": "62", "missing_lines": 3, "excluded_lines": 0}, "missing_lines": [117, 118, 120], "excluded_lines": []}, "WiiMLEDLight.async_set_brightness": {"executed_lines": [124, 125, 127, 128, 130, 132, 134, 135, 136], "summary": {"covered_lines": 9, "num_statements": 14, "percent_covered": 64.28571428571429, "percent_covered_display": "64", "missing_lines": 5, "excluded_lines": 0}, "missing_lines": [133, 138, 139, 140, 142], "excluded_lines": []}, "": {"executed_lines": [1, 3, 5, 6, 8, 9, 10, 11, 13, 14, 16, 19, 34, 35, 37, 38, 39, 41, 43, 55, 56, 65, 66, 70, 71, 78, 108, 122], "summary": {"covered_lines": 26, "num_statements": 26, "percent_covered": 100.0, "percent_covered_display": "100", "missing_lines": 0, "excluded_lines": 0}, "missing_lines": [], "excluded_lines": []}}, "classes": {"WiiMLEDLight": {"executed_lines": [45, 46, 47, 49, 50, 59, 61, 68, 73, 81, 82, 84, 90, 91, 96, 97, 98, 110, 111, 112, 113, 114, 124, 125, 127, 128, 130, 132, 134, 135, 136], "summary": {"covered_lines": 31, "num_statements": 47, "percent_covered": 65.95744680851064, "percent_covered_display": "66", "missing_lines": 16, "excluded_lines": 0}, "missing_lines": [62, 63, 94, 95, 101, 102, 103, 106, 117, 118, 120, 133, 138, 139, 140, 142], "excluded_lines": []}, "": {"executed_lines": [1, 3, 5, 6, 8, 9, 10, 11, 13, 14, 16, 19, 25, 29, 30, 31, 34, 35, 37, 38, 39, 41, 43, 55, 56, 65, 66, 70, 71, 78, 108, 122], "summary": {"covered_lines": 30, "num_statements": 30, "percent_covered": 100.0, "percent_covered_display": "100", "missing_lines": 0, "excluded_lines": 0}, "missing_lines": [], "excluded_lines": []}}}, "custom_components/wiim/logo_data.py": {"executed_lines": [1, 7, 9], "summary": {"covered_lines": 2, "num_statements": 2, "percent_covered": 100.0, "percent_covered_display": "100", "missing_lines": 0, "excluded_lines": 0}, "missing_lines": [], "excluded_lines": [], "functions": {"": {"executed_lines": [1, 7, 9], "summary": {"covered_lines": 2, "num_statements": 2, "percent_covered": 100.0, "percent_covered_display": "100", "missing_lines": 0, "excluded_lines": 0}, "missing_lines": [], "excluded_lines": []}}, "classes": {"": {"executed_lines": [1, 7, 9], "summary": {"covered_lines": 2, "num_statements": 2, "percent_covered": 100.0, "percent_covered_display": "100", "missing_lines": 0, "excluded_lines": 0}, "missing_lines": [], "excluded_lines": []}}}, "custom_components/wiim/media_player.py": {"executed_lines": [1, 3, 5, 6, 7, 9, 15, 22, 23, 24, 25, 26, 27, 29, 30, 31, 32, 34, 37, 43, 44, 47, 48, 50, 52, 53, 54, 56, 57, 59, 61, 62, 64, 84, 88, 92, 95, 97, 99, 100, 103, 105, 108, 110, 111, 113, 117, 118, 120, 124, 125, 126, 138, 139, 141, 142, 145, 146, 148, 149, 152, 160, 170, 178, 186, 194, 202, 210, 220, 221, 223, 224, 225, 227, 229, 230, 233, 236, 238, 270, 271, 273, 275, 276, 278, 279, 282, 283, 285, 286, 289, 290, 292, 293, 296, 297, 299, 300, 303, 304, 306, 307, 310, 311, 313, 314, 315, 317, 319, 329, 375, 392, 402, 403, 405, 408, 409, 412, 413, 440, 446, 487, 493, 503, 504, 506, 507, 508, 512, 514, 522, 523, 525, 526, 527, 535, 537, 547, 548, 550, 551, 559, 560, 562, 563, 567, 578, 579, 581, 593, 594, 597, 598, 601, 604, 605, 609, 610, 620, 622], "summary": {"covered_lines": 158, "num_statements": 357, "percent_covered": 44.25770308123249, "percent_covered_display": "44", "missing_lines": 199, "excluded_lines": 0}, "missing_lines": [85, 89, 93, 101, 106, 121, 128, 129, 130, 131, 132, 134, 143, 150, 154, 155, 156, 157, 158, 162, 163, 164, 165, 166, 172, 173, 174, 175, 176, 180, 181, 182, 183, 184, 188, 189, 190, 191, 192, 196, 197, 198, 199, 200, 204, 205, 206, 207, 208, 212, 213, 214, 215, 216, 226, 234, 240, 243, 244, 250, 252, 253, 254, 255, 257, 258, 259, 264, 265, 266, 280, 287, 294, 301, 308, 316, 321, 322, 323, 324, 325, 326, 327, 331, 333, 334, 335, 336, 337, 340, 343, 344, 345, 351, 352, 354, 355, 358, 359, 360, 361, 362, 364, 367, 369, 370, 371, 372, 373, 382, 394, 395, 396, 397, 398, 406, 416, 417, 420, 421, 424, 425, 426, 428, 430, 432, 433, 434, 435, 436, 438, 444, 451, 453, 454, 456, 457, 458, 459, 460, 462, 463, 464, 466, 468, 469, 472, 473, 476, 477, 480, 481, 482, 484, 485, 491, 495, 496, 497, 498, 499, 510, 511, 516, 517, 518, 519, 520, 528, 529, 530, 531, 532, 534, 539, 540, 541, 542, 543, 553, 554, 555, 556, 557, 565, 569, 570, 572, 573, 574, 575, 576, 599, 611, 613, 614, 615, 616, 618], "excluded_lines": [], "functions": {"async_setup_entry": {"executed_lines": [43, 44], "summary": {"covered_lines": 2, "num_statements": 2, "percent_covered": 100.0, "percent_covered_display": "100", "missing_lines": 0, "excluded_lines": 0}, "missing_lines": [], "excluded_lines": []}, "WiiMMediaPlayer.__init__": {"executed_lines": [52, 53, 54], "summary": {"covered_lines": 3, "num_statements": 3, "percent_covered": 100.0, "percent_covered_display": "100", "missing_lines": 0, "excluded_lines": 0}, "missing_lines": [], "excluded_lines": []}, "WiiMMediaPlayer.name": {"executed_lines": [59], "summary": {"covered_lines": 1, "num_statements": 1, "percent_covered": 100.0, "percent_covered_display": "100", "missing_lines": 0, "excluded_lines": 0}, "missing_lines": [], "excluded_lines": []}, "WiiMMediaPlayer.supported_features": {"executed_lines": [64, 84, 88, 92, 95], "summary": {"covered_lines": 5, "num_statements": 8, "percent_covered": 62.5, "percent_covered_display": "62", "missing_lines": 3, "excluded_lines": 0}, "missing_lines": [85, 89, 93], "excluded_lines": []}, "WiiMMediaPlayer._is_eq_supported": {"executed_lines": [99, 100], "summary": {"covered_lines": 2, "num_statements": 3, "percent_covered": 66.66666666666667, "percent_covered_display": "67", "missing_lines": 1, "excluded_lines": 0}, "missing_lines": [101], "excluded_lines": []}, "WiiMMediaPlayer._has_queue_support": {"executed_lines": [105, 108], "summary": {"covered_lines": 2, "num_statements": 3, "percent_covered": 66.66666666666667, "percent_covered_display": "67", "missing_lines": 1, "excluded_lines": 0}, "missing_lines": [106], "excluded_lines": []}, "WiiMMediaPlayer.available": {"executed_lines": [113], "summary": {"covered_lines": 1, "num_statements": 1, "percent_covered": 100.0, "percent_covered_display": "100", "missing_lines": 0, "excluded_lines": 0}, "missing_lines": [], "excluded_lines": []}, "WiiMMediaPlayer.state": {"executed_lines": [120, 124, 125, 126], "summary": {"covered_lines": 4, "num_statements": 11, "percent_covered": 36.36363636363637, "percent_covered_display": "36", "missing_lines": 7, "excluded_lines": 0}, "missing_lines": [121, 128, 129, 130, 131, 132, 134], "excluded_lines": []}, "WiiMMediaPlayer.volume_level": {"executed_lines": [141, 142], "summary": {"covered_lines": 2, "num_statements": 3, "percent_covered": 66.66666666666667, "percent_covered_display": "67", "missing_lines": 1, "excluded_lines": 0}, "missing_lines": [143], "excluded_lines": []}, "WiiMMediaPlayer.is_volume_muted": {"executed_lines": [148, 149], "summary": {"covered_lines": 2, "num_statements": 3, "percent_covered": 66.66666666666667, "percent_covered_display": "67", "missing_lines": 1, "excluded_lines": 0}, "missing_lines": [150], "excluded_lines": []}, "WiiMMediaPlayer.async_set_volume_level": {"executed_lines": [], "summary": {"covered_lines": 0, "num_statements": 5, "percent_covered": 0.0, "percent_covered_display": "0", "missing_lines": 5, "excluded_lines": 0}, "missing_lines": [154, 155, 156, 157, 158], "excluded_lines": []}, "WiiMMediaPlayer.async_mute_volume": {"executed_lines": [], "summary": {"covered_lines": 0, "num_statements": 5, "percent_covered": 0.0, "percent_covered_display": "0", "missing_lines": 5, "excluded_lines": 0}, "missing_lines": [162, 163, 164, 165, 166], "excluded_lines": []}, "WiiMMediaPlayer.async_media_play": {"executed_lines": [], "summary": {"covered_lines": 0, "num_statements": 5, "percent_covered": 0.0, "percent_covered_display": "0", "missing_lines": 5, "excluded_lines": 0}, "missing_lines": [172, 173, 174, 175, 176], "excluded_lines": []}, "WiiMMediaPlayer.async_media_pause": {"executed_lines": [], "summary": {"covered_lines": 0, "num_statements": 5, "percent_covered": 0.0, "percent_covered_display": "0", "missing_lines": 5, "excluded_lines": 0}, "missing_lines": [180, 181, 182, 183, 184], "excluded_lines": []}, "WiiMMediaPlayer.async_media_stop": {"executed_lines": [], "summary": {"covered_lines": 0, "num_statements": 5, "percent_covered": 0.0, "percent_covered_display": "0", "missing_lines": 5, "excluded_lines": 0}, "missing_lines": [188, 189, 190, 191, 192], "excluded_lines": []}, "WiiMMediaPlayer.async_media_next_track": {"executed_lines": [], "summary": {"covered_lines": 0, "num_statements": 5, "percent_covered": 0.0, "percent_covered_display": "0", "missing_lines": 5, "excluded_lines": 0}, "missing_lines": [196, 197, 198, 199, 200], "excluded_lines": []}, "WiiMMediaPlayer.async_media_previous_track": {"executed_lines": [], "summary": {"covered_lines": 0, "num_statements": 5, "percent_covered": 0.0, "percent_covered_display": "0", "missing_lines": 5, "excluded_lines": 0}, "missing_lines": [204, 205, 206, 207, 208], "excluded_lines": []}, "WiiMMediaPlayer.async_media_seek": {"executed_lines": [], "summary": {"covered_lines": 0, "num_statements": 5, "percent_covered": 0.0, "percent_covered_display": "0", "missing_lines": 5, "excluded_lines": 0}, "missing_lines": [212, 213, 214, 215, 216], "excluded_lines": []}, "WiiMMediaPlayer.source": {"executed_lines": [223, 224, 225, 227], "summary": {"covered_lines": 4, "num_statements": 5, "percent_covered": 80.0, "percent_covered_display": "80", "missing_lines": 1, "excluded_lines": 0}, "missing_lines": [226], "excluded_lines": []}, "WiiMMediaPlayer.source_list": {"executed_lines": [233, 236], "summary": {"covered_lines": 2, "num_statements": 3, "percent_covered": 66.66666666666667, "percent_covered_display": "67", "missing_lines": 1, "excluded_lines": 0}, "missing_lines": [234], "excluded_lines": []}, "WiiMMediaPlayer.async_select_source": {"executed_lines": [], "summary": {"covered_lines": 0, "num_statements": 14, "percent_covered": 0.0, "percent_covered_display": "0", "missing_lines": 14, "excluded_lines": 0}, "missing_lines": [240, 243, 244, 250, 252, 253, 254, 255, 257, 258, 259, 264, 265, 266], "excluded_lines": []}, "WiiMMediaPlayer.media_content_type": {"executed_lines": [273], "summary": {"covered_lines": 1, "num_statements": 1, "percent_covered": 100.0, "percent_covered_display": "100", "missing_lines": 0, "excluded_lines": 0}, "missing_lines": [], "excluded_lines": []}, "WiiMMediaPlayer.media_title": {"executed_lines": [278, 279], "summary": {"covered_lines": 2, "num_statements": 3, "percent_covered": 66.66666666666667, "percent_covered_display": "67", "missing_lines": 1, "excluded_lines": 0}, "missing_lines": [280], "excluded_lines": []}, "WiiMMediaPlayer.media_artist": {"executed_lines": [285, 286], "summary": {"covered_lines": 2, "num_statements": 3, "percent_covered": 66.66666666666667, "percent_covered_display": "67", "missing_lines": 1, "excluded_lines": 0}, "missing_lines": [287], "excluded_lines": []}, "WiiMMediaPlayer.media_album_name": {"executed_lines": [292, 293], "summary": {"covered_lines": 2, "num_statements": 3, "percent_covered": 66.66666666666667, "percent_covered_display": "67", "missing_lines": 1, "excluded_lines": 0}, "missing_lines": [294], "excluded_lines": []}, "WiiMMediaPlayer.media_duration": {"executed_lines": [299, 300], "summary": {"covered_lines": 2, "num_statements": 3, "percent_covered": 66.66666666666667, "percent_covered_display": "67", "missing_lines": 1, "excluded_lines": 0}, "missing_lines": [301], "excluded_lines": []}, "WiiMMediaPlayer.media_position": {"executed_lines": [306, 307], "summary": {"covered_lines": 2, "num_statements": 3, "percent_covered": 66.66666666666667, "percent_covered_display": "67", "missing_lines": 1, "excluded_lines": 0}, "missing_lines": [308], "excluded_lines": []}, "WiiMMediaPlayer.media_image_url": {"executed_lines": [313, 314, 315, 317], "summary": {"covered_lines": 4, "num_statements": 5, "percent_covered": 80.0, "percent_covered_display": "80", "missing_lines": 1, "excluded_lines": 0}, "missing_lines": [316], "excluded_lines": []}, "WiiMMediaPlayer.async_get_media_image": {"executed_lines": [], "summary": {"covered_lines": 0, "num_statements": 7, "percent_covered": 0.0, "percent_covered_display": "0", "missing_lines": 7, "excluded_lines": 0}, "missing_lines": [321, 322, 323, 324, 325, 326, 327], "excluded_lines": []}, "WiiMMediaPlayer.async_play_media": {"executed_lines": [], "summary": {"covered_lines": 0, "num_statements": 26, "percent_covered": 0.0, "percent_covered_display": "0", "missing_lines": 26, "excluded_lines": 0}, "missing_lines": [331, 333, 334, 335, 336, 337, 340, 343, 344, 345, 351, 352, 354, 355, 358, 359, 360, 361, 362, 364, 367, 369, 370, 371, 372, 373], "excluded_lines": []}, "WiiMMediaPlayer.async_browse_media": {"executed_lines": [], "summary": {"covered_lines": 0, "num_statements": 1, "percent_covered": 0.0, "percent_covered_display": "0", "missing_lines": 1, "excluded_lines": 0}, "missing_lines": [382], "excluded_lines": []}, "WiiMMediaPlayer.async_clear_playlist": {"executed_lines": [], "summary": {"covered_lines": 0, "num_statements": 5, "percent_covered": 0.0, "percent_covered_display": "0", "missing_lines": 5, "excluded_lines": 0}, "missing_lines": [394, 395, 396, 397, 398], "excluded_lines": []}, "WiiMMediaPlayer.group_members": {"executed_lines": [405, 408, 409, 412, 413], "summary": {"covered_lines": 5, "num_statements": 21, "percent_covered": 23.80952380952381, "percent_covered_display": "24", "missing_lines": 16, "excluded_lines": 0}, "missing_lines": [406, 416, 417, 420, 421, 424, 425, 426, 428, 430, 432, 433, 434, 435, 436, 438], "excluded_lines": []}, "WiiMMediaPlayer.join_players": {"executed_lines": [], "summary": {"covered_lines": 0, "num_statements": 1, "percent_covered": 0.0, "percent_covered_display": "0", "missing_lines": 1, "excluded_lines": 0}, "missing_lines": [444], "excluded_lines": []}, "WiiMMediaPlayer.async_join_players": {"executed_lines": [], "summary": {"covered_lines": 0, "num_statements": 23, "percent_covered": 0.0, "percent_covered_display": "0", "missing_lines": 23, "excluded_lines": 0}, "missing_lines": [451, 453, 454, 456, 457, 458, 459, 460, 462, 463, 464, 466, 468, 469, 472, 473, 476, 477, 480, 481, 482, 484, 485], "excluded_lines": []}, "WiiMMediaPlayer.unjoin_player": {"executed_lines": [], "summary": {"covered_lines": 0, "num_statements": 1, "percent_covered": 0.0, "percent_covered_display": "0", "missing_lines": 1, "excluded_lines": 0}, "missing_lines": [491], "excluded_lines": []}, "WiiMMediaPlayer.async_unjoin_player": {"executed_lines": [], "summary": {"covered_lines": 0, "num_statements": 5, "percent_covered": 0.0, "percent_covered_display": "0", "missing_lines": 5, "excluded_lines": 0}, "missing_lines": [495, 496, 497, 498, 499], "excluded_lines": []}, "WiiMMediaPlayer.shuffle": {"executed_lines": [506, 507, 508, 512], "summary": {"covered_lines": 4, "num_statements": 6, "percent_covered": 66.66666666666667, "percent_covered_display": "67", "missing_lines": 2, "excluded_lines": 0}, "missing_lines": [510, 511], "excluded_lines": []}, "WiiMMediaPlayer.async_set_shuffle": {"executed_lines": [], "summary": {"covered_lines": 0, "num_statements": 5, "percent_covered": 0.0, "percent_covered_display": "0", "missing_lines": 5, "excluded_lines": 0}, "missing_lines": [516, 517, 518, 519, 520], "excluded_lines": []}, "WiiMMediaPlayer.repeat": {"executed_lines": [525, 526, 527, 535], "summary": {"covered_lines": 4, "num_statements": 10, "percent_covered": 40.0, "percent_covered_display": "40", "missing_lines": 6, "excluded_lines": 0}, "missing_lines": [528, 529, 530, 531, 532, 534], "excluded_lines": []}, "WiiMMediaPlayer.async_set_repeat": {"executed_lines": [], "summary": {"covered_lines": 0, "num_statements": 5, "percent_covered": 0.0, "percent_covered_display": "0", "missing_lines": 5, "excluded_lines": 0}, "missing_lines": [539, 540, 541, 542, 543], "excluded_lines": []}, "WiiMMediaPlayer.sound_mode": {"executed_lines": [550, 551], "summary": {"covered_lines": 2, "num_statements": 7, "percent_covered": 28.571428571428573, "percent_covered_display": "29", "missing_lines": 5, "excluded_lines": 0}, "missing_lines": [553, 554, 555, 556, 557], "excluded_lines": []}, "WiiMMediaPlayer.sound_mode_list": {"executed_lines": [562, 563], "summary": {"covered_lines": 2, "num_statements": 3, "percent_covered": 66.66666666666667, "percent_covered_display": "67", "missing_lines": 1, "excluded_lines": 0}, "missing_lines": [565], "excluded_lines": []}, "WiiMMediaPlayer.async_select_sound_mode": {"executed_lines": [], "summary": {"covered_lines": 0, "num_statements": 7, "percent_covered": 0.0, "percent_covered_display": "0", "missing_lines": 7, "excluded_lines": 0}, "missing_lines": [569, 570, 572, 573, 574, 575, 576], "excluded_lines": []}, "WiiMMediaPlayer.extra_state_attributes": {"executed_lines": [581, 593, 594, 597, 598, 601, 604, 605, 609, 610, 620, 622], "summary": {"covered_lines": 12, "num_statements": 19, "percent_covered": 63.1578947368421, "percent_covered_display": "63", "missing_lines": 7, "excluded_lines": 0}, "missing_lines": [599, 611, 613, 614, 615, 616, 618], "excluded_lines": []}, "": {"executed_lines": [1, 3, 5, 6, 7, 9, 15, 22, 23, 24, 25, 26, 27, 29, 30, 31, 32, 34, 37, 47, 48, 50, 56, 57, 61, 62, 97, 103, 110, 111, 117, 118, 138, 139, 145, 146, 152, 160, 170, 178, 186, 194, 202, 210, 220, 221, 229, 230, 238, 270, 271, 275, 276, 282, 283, 289, 290, 296, 297, 303, 304, 310, 311, 319, 329, 375, 392, 402, 403, 440, 446, 487, 493, 503, 504, 514, 522, 523, 537, 547, 548, 559, 560, 567, 578, 579], "summary": {"covered_lines": 84, "num_statements": 84, "percent_covered": 100.0, "percent_covered_display": "100", "missing_lines": 0, "excluded_lines": 0}, "missing_lines": [], "excluded_lines": []}}, "classes": {"WiiMMediaPlayer": {"executed_lines": [52, 53, 54, 59, 64, 84, 88, 92, 95, 99, 100, 105, 108, 113, 120, 124, 125, 126, 141, 142, 148, 149, 223, 224, 225, 227, 233, 236, 273, 278, 279, 285, 286, 292, 293, 299, 300, 306, 307, 313, 314, 315, 317, 405, 408, 409, 412, 413, 506, 507, 508, 512, 525, 526, 527, 535, 550, 551, 562, 563, 581, 593, 594, 597, 598, 601, 604, 605, 609, 610, 620, 622], "summary": {"covered_lines": 72, "num_statements": 271, "percent_covered": 26.568265682656826, "percent_covered_display": "27", "missing_lines": 199, "excluded_lines": 0}, "missing_lines": [85, 89, 93, 101, 106, 121, 128, 129, 130, 131, 132, 134, 143, 150, 154, 155, 156, 157, 158, 162, 163, 164, 165, 166, 172, 173, 174, 175, 176, 180, 181, 182, 183, 184, 188, 189, 190, 191, 192, 196, 197, 198, 199, 200, 204, 205, 206, 207, 208, 212, 213, 214, 215, 216, 226, 234, 240, 243, 244, 250, 252, 253, 254, 255, 257, 258, 259, 264, 265, 266, 280, 287, 294, 301, 308, 316, 321, 322, 323, 324, 325, 326, 327, 331, 333, 334, 335, 336, 337, 340, 343, 344, 345, 351, 352, 354, 355, 358, 359, 360, 361, 362, 364, 367, 369, 370, 371, 372, 373, 382, 394, 395, 396, 397, 398, 406, 416, 417, 420, 421, 424, 425, 426, 428, 430, 432, 433, 434, 435, 436, 438, 444, 451, 453, 454, 456, 457, 458, 459, 460, 462, 463, 464, 466, 468, 469, 472, 473, 476, 477, 480, 481, 482, 484, 485, 491, 495, 496, 497, 498, 499, 510, 511, 516, 517, 518, 519, 520, 528, 529, 530, 531, 532, 534, 539, 540, 541, 542, 543, 553, 554, 555, 556, 557, 565, 569, 570, 572, 573, 574, 575, 576, 599, 611, 613, 614, 615, 616, 618], "excluded_lines": []}, "": {"executed_lines": [1, 3, 5, 6, 7, 9, 15, 22, 23, 24, 25, 26, 27, 29, 30, 31, 32, 34, 37, 43, 44, 47, 48, 50, 56, 57, 61, 62, 97, 103, 110, 111, 117, 118, 138, 139, 145, 146, 152, 160, 170, 178, 186, 194, 202, 210, 220, 221, 229, 230, 238, 270, 271, 275, 276, 282, 283, 289, 290, 296, 297, 303, 304, 310, 311, 319, 329, 375, 392, 402, 403, 440, 446, 487, 493, 503, 504, 514, 522, 523, 537, 547, 548, 559, 560, 567, 578, 579], "summary": {"covered_lines": 86, "num_statements": 86, "percent_covered": 100.0, "percent_covered_display": "100", "missing_lines": 0, "excluded_lines": 0}, "missing_lines": [], "excluded_lines": []}}}, "custom_components/wiim/models.py": {"executed_lines": [1, 9, 11, 13, 15, 26, 27, 32, 35, 36, 42, 43, 44, 45, 46, 47, 50, 51, 52, 53, 54, 55, 56, 57, 58, 59, 60, 61, 64, 65, 71, 72, 73, 76, 77, 80, 81, 82, 85, 86, 87, 90, 91, 94, 95, 96, 97, 98, 101, 102, 105, 106, 107, 108, 111, 116, 117, 118, 122, 123, 124, 132, 133, 134, 140, 141, 142, 149, 150, 152, 153, 154, 157, 158, 160, 161, 169, 170, 172, 173, 174, 175, 176, 179, 180, 181, 184, 185, 187, 188, 191, 192, 194, 195, 196], "summary": {"covered_lines": 86, "num_statements": 97, "percent_covered": 88.65979381443299, "percent_covered_display": "89", "missing_lines": 11, "excluded_lines": 0}, "missing_lines": [119, 125, 126, 127, 129, 135, 136, 137, 143, 145, 146], "excluded_lines": [], "functions": {"PlayerStatus._normalize_source": {"executed_lines": [], "summary": {"covered_lines": 0, "num_statements": 1, "percent_covered": 0.0, "percent_covered_display": "0", "missing_lines": 1, "excluded_lines": 0}, "missing_lines": [119], "excluded_lines": []}, "PlayerStatus._normalize_play_state": {"executed_lines": [], "summary": {"covered_lines": 0, "num_statements": 4, "percent_covered": 0.0, "percent_covered_display": "0", "missing_lines": 4, "excluded_lines": 0}, "missing_lines": [125, 126, 127, 129], "excluded_lines": []}, "PlayerStatus._normalize_duration": {"executed_lines": [], "summary": {"covered_lines": 0, "num_statements": 3, "percent_covered": 0.0, "percent_covered_display": "0", "missing_lines": 3, "excluded_lines": 0}, "missing_lines": [135, 136, 137], "excluded_lines": []}, "PlayerStatus._normalize_eq_preset": {"executed_lines": [], "summary": {"covered_lines": 0, "num_statements": 3, "percent_covered": 0.0, "percent_covered_display": "0", "missing_lines": 3, "excluded_lines": 0}, "missing_lines": [143, 145, 146], "excluded_lines": []}, "": {"executed_lines": [1, 9, 11, 13, 15, 26, 27, 32, 35, 36, 42, 43, 44, 45, 46, 47, 50, 51, 52, 53, 54, 55, 56, 57, 58, 59, 60, 61, 64, 65, 71, 72, 73, 76, 77, 80, 81, 82, 85, 86, 87, 90, 91, 94, 95, 96, 97, 98, 101, 102, 105, 106, 107, 108, 111, 116, 117, 118, 122, 123, 124, 132, 133, 134, 140, 141, 142, 149, 150, 152, 153, 154, 157, 158, 160, 161, 169, 170, 172, 173, 174, 175, 176, 179, 180, 181, 184, 185, 187, 188, 191, 192, 194, 195, 196], "summary": {"covered_lines": 86, "num_statements": 86, "percent_covered": 100.0, "percent_covered_display": "100", "missing_lines": 0, "excluded_lines": 0}, "missing_lines": [], "excluded_lines": []}}, "classes": {"_WiimBase": {"executed_lines": [], "summary": {"covered_lines": 0, "num_statements": 0, "percent_covered": 100.0, "percent_covered_display": "100", "missing_lines": 0, "excluded_lines": 0}, "missing_lines": [], "excluded_lines": []}, "DeviceInfo": {"executed_lines": [], "summary": {"covered_lines": 0, "num_statements": 0, "percent_covered": 100.0, "percent_covered_display": "100", "missing_lines": 0, "excluded_lines": 0}, "missing_lines": [], "excluded_lines": []}, "PlayerStatus": {"executed_lines": [], "summary": {"covered_lines": 0, "num_statements": 11, "percent_covered": 0.0, "percent_covered_display": "0", "missing_lines": 11, "excluded_lines": 0}, "missing_lines": [119, 125, 126, 127, 129, 135, 136, 137, 143, 145, 146], "excluded_lines": []}, "SlaveInfo": {"executed_lines": [], "summary": {"covered_lines": 0, "num_statements": 0, "percent_covered": 100.0, "percent_covered_display": "100", "missing_lines": 0, "excluded_lines": 0}, "missing_lines": [], "excluded_lines": []}, "MultiroomInfo": {"executed_lines": [], "summary": {"covered_lines": 0, "num_statements": 0, "percent_covered": 100.0, "percent_covered_display": "100", "missing_lines": 0, "excluded_lines": 0}, "missing_lines": [], "excluded_lines": []}, "TrackMetadata": {"executed_lines": [], "summary": {"covered_lines": 0, "num_statements": 0, "percent_covered": 100.0, "percent_covered_display": "100", "missing_lines": 0, "excluded_lines": 0}, "missing_lines": [], "excluded_lines": []}, "EQInfo": {"executed_lines": [], "summary": {"covered_lines": 0, "num_statements": 0, "percent_covered": 100.0, "percent_covered_display": "100", "missing_lines": 0, "excluded_lines": 0}, "missing_lines": [], "excluded_lines": []}, "PollingMetrics": {"executed_lines": [], "summary": {"covered_lines": 0, "num_statements": 0, "percent_covered": 100.0, "percent_covered_display": "100", "missing_lines": 0, "excluded_lines": 0}, "missing_lines": [], "excluded_lines": []}, "": {"executed_lines": [1, 9, 11, 13, 15, 26, 27, 32, 35, 36, 42, 43, 44, 45, 46, 47, 50, 51, 52, 53, 54, 55, 56, 57, 58, 59, 60, 61, 64, 65, 71, 72, 73, 76, 77, 80, 81, 82, 85, 86, 87, 90, 91, 94, 95, 96, 97, 98, 101, 102, 105, 106, 107, 108, 111, 116, 117, 118, 122, 123, 124, 132, 133, 134, 140, 141, 142, 149, 150, 152, 153, 154, 157, 158, 160, 161, 169, 170, 172, 173, 174, 175, 176, 179, 180, 181, 184, 185, 187, 188, 191, 192, 194, 195, 196], "summary": {"covered_lines": 86, "num_statements": 86, "percent_covered": 100.0, "percent_covered_display": "100", "missing_lines": 0, "excluded_lines": 0}, "missing_lines": [], "excluded_lines": []}}}, "custom_components/wiim/number.py": {"executed_lines": [1, 7, 9, 11, 12, 13, 14, 16, 17, 19, 22, 28, 30, 37, 38, 41, 42, 48, 49, 50, 51, 52, 53, 55, 63, 64, 68, 87, 88], "summary": {"covered_lines": 27, "num_statements": 42, "percent_covered": 64.28571428571429, "percent_covered_display": "64", "missing_lines": 15, "excluded_lines": 0}, "missing_lines": [57, 58, 59, 61, 66, 74, 75, 76, 79, 80, 82, 83, 84, 85, 90], "excluded_lines": [], "functions": {"async_setup_entry": {"executed_lines": [28, 30, 37, 38], "summary": {"covered_lines": 4, "num_statements": 4, "percent_covered": 100.0, "percent_covered_display": "100", "missing_lines": 0, "excluded_lines": 0}, "missing_lines": [], "excluded_lines": []}, "WiiMChannelBalance.__init__": {"executed_lines": [], "summary": {"covered_lines": 0, "num_statements": 4, "percent_covered": 0.0, "percent_covered_display": "0", "missing_lines": 4, "excluded_lines": 0}, "missing_lines": [57, 58, 59, 61], "excluded_lines": []}, "WiiMChannelBalance.native_value": {"executed_lines": [], "summary": {"covered_lines": 0, "num_statements": 1, "percent_covered": 0.0, "percent_covered_display": "0", "missing_lines": 1, "excluded_lines": 0}, "missing_lines": [66], "excluded_lines": []}, "WiiMChannelBalance.async_set_native_value": {"executed_lines": [], "summary": {"covered_lines": 0, "num_statements": 9, "percent_covered": 0.0, "percent_covered_display": "0", "missing_lines": 9, "excluded_lines": 0}, "missing_lines": [74, 75, 76, 79, 80, 82, 83, 84, 85], "excluded_lines": []}, "WiiMChannelBalance.extra_state_attributes": {"executed_lines": [], "summary": {"covered_lines": 0, "num_statements": 1, "percent_covered": 0.0, "percent_covered_display": "0", "missing_lines": 1, "excluded_lines": 0}, "missing_lines": [90], "excluded_lines": []}, "": {"executed_lines": [1, 7, 9, 11, 12, 13, 14, 16, 17, 19, 22, 41, 42, 48, 49, 50, 51, 52, 53, 55, 63, 64, 68, 87, 88], "summary": {"covered_lines": 23, "num_statements": 23, "percent_covered": 100.0, "percent_covered_display": "100", "missing_lines": 0, "excluded_lines": 0}, "missing_lines": [], "excluded_lines": []}}, "classes": {"WiiMChannelBalance": {"executed_lines": [], "summary": {"covered_lines": 0, "num_statements": 15, "percent_covered": 0.0, "percent_covered_display": "0", "missing_lines": 15, "excluded_lines": 0}, "missing_lines": [57, 58, 59, 61, 66, 74, 75, 76, 79, 80, 82, 83, 84, 85, 90], "excluded_lines": []}, "": {"executed_lines": [1, 7, 9, 11, 12, 13, 14, 16, 17, 19, 22, 28, 30, 37, 38, 41, 42, 48, 49, 50, 51, 52, 53, 55, 63, 64, 68, 87, 88], "summary": {"covered_lines": 27, "num_statements": 27, "percent_covered": 100.0, "percent_covered_display": "100", "missing_lines": 0, "excluded_lines": 0}, "missing_lines": [], "excluded_lines": []}}}, "custom_components/wiim/select.py": {"executed_lines": [1, 3, 5, 6, 7, 8, 10, 11, 12, 13, 16, 17, 19, 22, 28, 30, 35, 37, 38, 39, 40, 42, 43, 46, 47, 48, 50, 51, 53, 58, 59, 64, 65, 72, 73, 75, 76, 78, 79, 80, 81, 83, 84, 86, 88, 94, 97, 98, 101, 102, 103, 106, 123, 133, 134, 141, 142, 148, 151, 152, 155, 156, 159, 160, 164, 166, 167, 168, 171, 175, 183, 184, 186, 198, 200, 201, 204, 245, 248, 251, 252, 254, 259, 260, 264, 346, 348, 358, 359, 361, 363, 364, 365, 372, 373, 374, 375, 377, 386, 387, 389, 390, 392, 399, 400, 411, 460, 461, 472, 479, 480, 538, 539, 583, 788, 789], "summary": {"covered_lines": 113, "num_statements": 400, "percent_covered": 28.25, "percent_covered_display": "28", "missing_lines": 287, "excluded_lines": 0}, "missing_lines": [44, 107, 109, 110, 111, 112, 113, 115, 116, 118, 119, 120, 121, 124, 127, 131, 136, 139, 176, 177, 178, 180, 187, 190, 195, 196, 205, 208, 209, 211, 212, 218, 219, 221, 223, 224, 225, 232, 233, 235, 237, 238, 242, 255, 256, 257, 268, 269, 270, 277, 279, 282, 284, 290, 291, 293, 301, 302, 304, 305, 306, 307, 311, 312, 319, 320, 321, 324, 325, 331, 332, 334, 338, 339, 340, 341, 342, 349, 350, 367, 368, 369, 394, 395, 396, 397, 402, 405, 409, 413, 416, 417, 418, 419, 420, 427, 429, 430, 431, 432, 433, 435, 436, 437, 438, 441, 442, 443, 444, 445, 446, 447, 450, 452, 463, 468, 470, 475, 476, 477, 482, 490, 492, 493, 494, 495, 496, 497, 498, 499, 500, 501, 502, 503, 504, 505, 509, 510, 514, 515, 516, 518, 519, 520, 521, 522, 523, 525, 526, 527, 528, 529, 531, 532, 534, 536, 542, 543, 546, 547, 548, 549, 551, 552, 553, 555, 556, 558, 563, 564, 565, 567, 568, 569, 570, 571, 572, 573, 574, 575, 576, 577, 579, 580, 581, 586, 592, 593, 594, 596, 597, 598, 599, 606, 615, 624, 625, 626, 627, 628, 630, 631, 637, 639, 641, 643, 646, 648, 649, 651, 652, 658, 663, 664, 665, 669, 670, 676, 677, 678, 684, 686, 687, 688, 689, 690, 691, 692, 693, 694, 695, 700, 701, 702, 708, 709, 716, 720, 723, 724, 725, 726, 727, 733, 735, 737, 740, 741, 744, 745, 746, 749, 750, 751, 752, 753, 754, 757, 758, 761, 762, 765, 766, 767, 768, 769, 770, 773, 774, 775, 776, 779, 780, 781, 783, 785, 786, 792, 793, 794, 795, 796, 799, 807, 816, 817, 819], "excluded_lines": [], "functions": {"async_setup_entry": {"executed_lines": [28, 30, 35, 37, 38, 39, 40, 42, 43, 46, 47, 48, 50, 51, 53, 58, 59, 64, 65], "summary": {"covered_lines": 19, "num_statements": 20, "percent_covered": 95.0, "percent_covered_display": "95", "missing_lines": 1, "excluded_lines": 0}, "missing_lines": [44], "excluded_lines": []}, "WiiMOutputModeSelect.__init__": {"executed_lines": [79, 80, 81], "summary": {"covered_lines": 3, "num_statements": 3, "percent_covered": 100.0, "percent_covered_display": "100", "missing_lines": 0, "excluded_lines": 0}, "missing_lines": [], "excluded_lines": []}, "WiiMOutputModeSelect.current_option": {"executed_lines": [86, 88, 94, 97, 98, 101, 102, 103, 106, 123], "summary": {"covered_lines": 10, "num_statements": 25, "percent_covered": 40.0, "percent_covered_display": "40", "missing_lines": 15, "excluded_lines": 0}, "missing_lines": [107, 109, 110, 111, 112, 113, 115, 116, 118, 119, 120, 121, 124, 127, 131], "excluded_lines": []}, "WiiMOutputModeSelect._handle_coordinator_update": {"executed_lines": [], "summary": {"covered_lines": 0, "num_statements": 2, "percent_covered": 0.0, "percent_covered_display": "0", "missing_lines": 2, "excluded_lines": 0}, "missing_lines": [136, 139], "excluded_lines": []}, "WiiMOutputModeSelect.options": {"executed_lines": [148, 151, 152, 155, 156, 159, 160, 164, 166, 167, 168, 171, 175, 183, 184, 186], "summary": {"covered_lines": 16, "num_statements": 24, "percent_covered": 66.66666666666667, "percent_covered_display": "67", "missing_lines": 8, "excluded_lines": 0}, "missing_lines": [176, 177, 178, 180, 187, 190, 195, 196], "excluded_lines": []}, "WiiMOutputModeSelect.async_select_option": {"executed_lines": [200, 201, 204, 245, 248, 251, 252, 254, 259, 260, 264, 346, 348], "summary": {"covered_lines": 13, "num_statements": 57, "percent_covered": 22.80701754385965, "percent_covered_display": "23", "missing_lines": 44, "excluded_lines": 0}, "missing_lines": [205, 208, 232, 233, 235, 237, 238, 242, 255, 256, 257, 268, 269, 270, 277, 279, 282, 284, 290, 291, 293, 301, 302, 304, 305, 306, 307, 311, 312, 319, 320, 321, 324, 325, 331, 332, 334, 338, 339, 340, 341, 342, 349, 350], "excluded_lines": []}, "WiiMOutputModeSelect.async_select_option._refresh_and_update": {"executed_lines": [], "summary": {"covered_lines": 0, "num_statements": 9, "percent_covered": 0.0, "percent_covered_display": "0", "missing_lines": 9, "excluded_lines": 0}, "missing_lines": [209, 211, 212, 218, 219, 221, 223, 224, 225], "excluded_lines": []}, "WiiMOutputModeSelect.extra_state_attributes": {"executed_lines": [361, 363, 364, 365, 372, 373, 374, 375, 377], "summary": {"covered_lines": 9, "num_statements": 12, "percent_covered": 75.0, "percent_covered_display": "75", "missing_lines": 3, "excluded_lines": 0}, "missing_lines": [367, 368, 369], "excluded_lines": []}, "WiiMBluetoothDeviceSelect.__init__": {"executed_lines": [], "summary": {"covered_lines": 0, "num_statements": 4, "percent_covered": 0.0, "percent_covered_display": "0", "missing_lines": 4, "excluded_lines": 0}, "missing_lines": [394, 395, 396, 397], "excluded_lines": []}, "WiiMBluetoothDeviceSelect._handle_coordinator_update": {"executed_lines": [], "summary": {"covered_lines": 0, "num_statements": 3, "percent_covered": 0.0, "percent_covered_display": "0", "missing_lines": 3, "excluded_lines": 0}, "missing_lines": [402, 405, 409], "excluded_lines": []}, "WiiMBluetoothDeviceSelect.async_added_to_hass": {"executed_lines": [], "summary": {"covered_lines": 0, "num_statements": 25, "percent_covered": 0.0, "percent_covered_display": "0", "missing_lines": 25, "excluded_lines": 0}, "missing_lines": [413, 416, 417, 418, 419, 420, 427, 429, 430, 431, 432, 433, 435, 436, 437, 438, 441, 442, 443, 444, 445, 446, 447, 450, 452], "excluded_lines": []}, "WiiMBluetoothDeviceSelect._handle_scan_complete": {"executed_lines": [], "summary": {"covered_lines": 0, "num_statements": 3, "percent_covered": 0.0, "percent_covered_display": "0", "missing_lines": 3, "excluded_lines": 0}, "missing_lines": [463, 468, 470], "excluded_lines": []}, "WiiMBluetoothDeviceSelect._async_refresh_options": {"executed_lines": [], "summary": {"covered_lines": 0, "num_statements": 3, "percent_covered": 0.0, "percent_covered_display": "0", "missing_lines": 3, "excluded_lines": 0}, "missing_lines": [475, 476, 477], "excluded_lines": []}, "WiiMBluetoothDeviceSelect.current_option": {"executed_lines": [], "summary": {"covered_lines": 0, "num_statements": 36, "percent_covered": 0.0, "percent_covered_display": "0", "missing_lines": 36, "excluded_lines": 0}, "missing_lines": [482, 490, 492, 493, 494, 495, 496, 497, 498, 499, 500, 501, 502, 503, 504, 505, 509, 510, 514, 515, 516, 518, 519, 520, 521, 522, 523, 525, 526, 527, 528, 529, 531, 532, 534, 536], "excluded_lines": []}, "WiiMBluetoothDeviceSelect.options": {"executed_lines": [], "summary": {"covered_lines": 0, "num_statements": 29, "percent_covered": 0.0, "percent_covered_display": "0", "missing_lines": 29, "excluded_lines": 0}, "missing_lines": [542, 543, 546, 547, 548, 549, 551, 552, 553, 555, 556, 558, 563, 564, 565, 567, 568, 569, 570, 571, 572, 573, 574, 575, 576, 577, 579, 580, 581], "excluded_lines": []}, "WiiMBluetoothDeviceSelect.async_select_option": {"executed_lines": [], "summary": {"covered_lines": 0, "num_statements": 92, "percent_covered": 0.0, "percent_covered_display": "0", "missing_lines": 92, "excluded_lines": 0}, "missing_lines": [586, 592, 593, 594, 596, 597, 598, 599, 606, 615, 624, 625, 626, 627, 628, 630, 631, 637, 639, 641, 643, 646, 648, 649, 651, 652, 658, 663, 664, 665, 669, 670, 676, 677, 678, 684, 686, 687, 688, 689, 690, 691, 692, 693, 694, 695, 700, 701, 702, 708, 709, 716, 720, 723, 724, 725, 726, 727, 733, 735, 737, 740, 741, 744, 745, 746, 749, 750, 751, 752, 753, 754, 757, 758, 761, 762, 765, 766, 767, 768, 769, 770, 773, 774, 775, 776, 779, 780, 781, 783, 785, 786], "excluded_lines": []}, "WiiMBluetoothDeviceSelect.extra_state_attributes": {"executed_lines": [], "summary": {"covered_lines": 0, "num_statements": 10, "percent_covered": 0.0, "percent_covered_display": "0", "missing_lines": 10, "excluded_lines": 0}, "missing_lines": [792, 793, 794, 795, 796, 799, 807, 816, 817, 819], "excluded_lines": []}, "": {"executed_lines": [1, 3, 5, 6, 7, 8, 10, 11, 12, 13, 16, 17, 19, 22, 72, 73, 75, 76, 78, 83, 84, 133, 134, 141, 142, 198, 358, 359, 386, 387, 389, 390, 392, 399, 400, 411, 460, 461, 472, 479, 480, 538, 539, 583, 788, 789], "summary": {"covered_lines": 43, "num_statements": 43, "percent_covered": 100.0, "percent_covered_display": "100", "missing_lines": 0, "excluded_lines": 0}, "missing_lines": [], "excluded_lines": []}}, "classes": {"WiiMOutputModeSelect": {"executed_lines": [79, 80, 81, 86, 88, 94, 97, 98, 101, 102, 103, 106, 123, 148, 151, 152, 155, 156, 159, 160, 164, 166, 167, 168, 171, 175, 183, 184, 186, 200, 201, 204, 245, 248, 251, 252, 254, 259, 260, 264, 346, 348, 361, 363, 364, 365, 372, 373, 374, 375, 377], "summary": {"covered_lines": 51, "num_statements": 132, "percent_covered": 38.63636363636363, "percent_covered_display": "39", "missing_lines": 81, "excluded_lines": 0}, "missing_lines": [107, 109, 110, 111, 112, 113, 115, 116, 118, 119, 120, 121, 124, 127, 131, 136, 139, 176, 177, 178, 180, 187, 190, 195, 196, 205, 208, 209, 211, 212, 218, 219, 221, 223, 224, 225, 232, 233, 235, 237, 238, 242, 255, 256, 257, 268, 269, 270, 277, 279, 282, 284, 290, 291, 293, 301, 302, 304, 305, 306, 307, 311, 312, 319, 320, 321, 324, 325, 331, 332, 334, 338, 339, 340, 341, 342, 349, 350, 367, 368, 369], "excluded_lines": []}, "WiiMBluetoothDeviceSelect": {"executed_lines": [], "summary": {"covered_lines": 0, "num_statements": 205, "percent_covered": 0.0, "percent_covered_display": "0", "missing_lines": 205, "excluded_lines": 0}, "missing_lines": [394, 395, 396, 397, 402, 405, 409, 413, 416, 417, 418, 419, 420, 427, 429, 430, 431, 432, 433, 435, 436, 437, 438, 441, 442, 443, 444, 445, 446, 447, 450, 452, 463, 468, 470, 475, 476, 477, 482, 490, 492, 493, 494, 495, 496, 497, 498, 499, 500, 501, 502, 503, 504, 505, 509, 510, 514, 515, 516, 518, 519, 520, 521, 522, 523, 525, 526, 527, 528, 529, 531, 532, 534, 536, 542, 543, 546, 547, 548, 549, 551, 552, 553, 555, 556, 558, 563, 564, 565, 567, 568, 569, 570, 571, 572, 573, 574, 575, 576, 577, 579, 580, 581, 586, 592, 593, 594, 596, 597, 598, 599, 606, 615, 624, 625, 626, 627, 628, 630, 631, 637, 639, 641, 643, 646, 648, 649, 651, 652, 658, 663, 664, 665, 669, 670, 676, 677, 678, 684, 686, 687, 688, 689, 690, 691, 692, 693, 694, 695, 700, 701, 702, 708, 709, 716, 720, 723, 724, 725, 726, 727, 733, 735, 737, 740, 741, 744, 745, 746, 749, 750, 751, 752, 753, 754, 757, 758, 761, 762, 765, 766, 767, 768, 769, 770, 773, 774, 775, 776, 779, 780, 781, 783, 785, 786, 792, 793, 794, 795, 796, 799, 807, 816, 817, 819], "excluded_lines": []}, "": {"executed_lines": [1, 3, 5, 6, 7, 8, 10, 11, 12, 13, 16, 17, 19, 22, 28, 30, 35, 37, 38, 39, 40, 42, 43, 46, 47, 48, 50, 51, 53, 58, 59, 64, 65, 72, 73, 75, 76, 78, 83, 84, 133, 134, 141, 142, 198, 358, 359, 386, 387, 389, 390, 392, 399, 400, 411, 460, 461, 472, 479, 480, 538, 539, 583, 788, 789], "summary": {"covered_lines": 62, "num_statements": 63, 
[...]
iiMDiagnosticSensor.native_value": {"executed_lines": [231, 232, 233, 234, 235, 240, 241, 244, 252, 256], "summary": {"covered_lines": 10, "num_statements": 18, "percent_covered": 55.55555555555556, "percent_covered_display": "56", "missing_lines": 8, "excluded_lines": 0}, "missing_lines": [236, 237, 245, 246, 247, 248, 253, 254], "excluded_lines": []}, "WiiMDiagnosticSensor.extra_state_attributes": {"executed_lines": [262, 263, 264, 266, 296, 314, 315, 327], "summary": {"covered_lines": 8, "num_statements": 13, "percent_covered": 61.53846153846154, "percent_covered_display": "62", "missing_lines": 5, "excluded_lines": 0}, "missing_lines": [297, 298, 300, 301, 316], "excluded_lines": []}, "WiiMFirmwareSensor.__init__": {"executed_lines": [341, 342, 343], "summary": {"covered_lines": 3, "num_statements": 3, "percent_covered": 100.0, "percent_covered_display": "100", "missing_lines": 0, "excluded_lines": 0}, "missing_lines": [], "excluded_lines": []}, "WiiMFirmwareSensor.native_value": {"executed_lines": [349, 354, 357], "summary": {"covered_lines": 3, "num_statements": 7, "percent_covered": 42.857142857142854, "percent_covered_display": "43", "missing_lines": 4, "excluded_lines": 0}, "missing_lines": [350, 351, 352, 355], "excluded_lines": []}, "WiiMFirmwareSensor.extra_state_attributes": {"executed_lines": [362, 364, 390], "summary": {"covered_lines": 3, "num_statements": 16, "percent_covered": 18.75, "percent_covered_display": "19", "missing_lines": 13, "excluded_lines": 0}, "missing_lines": [366, 367, 370, 371, 374, 375, 378, 379, 382, 384, 385, 386, 387], "excluded_lines": []}, "_to_bool": {"executed_lines": [400, 401, 402, 403, 404, 405, 406, 407], "summary": {"covered_lines": 8, "num_statements": 10, "percent_covered": 80.0, "percent_covered_display": "80", "missing_lines": 2, "excluded_lines": 0}, "missing_lines": [408, 409], "excluded_lines": []}, "_to_int": {"executed_lines": [414, 415, 416, 417], "summary": {"covered_lines": 4, "num_statements": 4, "percent_covered": 100.0, "percent_covered_display": "100", "missing_lines": 0, "excluded_lines": 0}, "missing_lines": [], "excluded_lines": []}, "WiiMInputSensor.__init__": {"executed_lines": [438, 439, 440], "summary": {"covered_lines": 3, "num_statements": 3, "percent_covered": 100.0, "percent_covered_display": "100", "missing_lines": 0, "excluded_lines": 0}, "missing_lines": [], "excluded_lines": []}, "WiiMInputSensor.native_value": {"executed_lines": [446, 447], "summary": {"covered_lines": 2, "num_statements": 2, "percent_covered": 100.0, "percent_covered_display": "100", "missing_lines": 0, "excluded_lines": 0}, "missing_lines": [], "excluded_lines": []}, "WiiMBluetoothOutputSensor.__init__": {"executed_lines": [461, 462, 463], "summary": {"covered_lines": 3, "num_statements": 3, "percent_covered": 100.0, "percent_covered_display": "100", "missing_lines": 0, "excluded_lines": 0}, "missing_lines": [], "excluded_lines": []}, "WiiMBluetoothOutputSensor.native_value": {"executed_lines": [468, 470, 475, 478, 479, 480], "summary": {"covered_lines": 6, "num_statements": 9, "percent_covered": 66.66666666666667, "percent_covered_display": "67", "missing_lines": 3, "excluded_lines": 0}, "missing_lines": [481, 484, 485], "excluded_lines": []}, "WiiMBluetoothOutputSensor.extra_state_attributes": {"executed_lines": [], "summary": {"covered_lines": 0, "num_statements": 6, "percent_covered": 0.0, "percent_covered_display": "0", "missing_lines": 6, "excluded_lines": 0}, "missing_lines": [490, 492, 493, 497, 499, 503], "excluded_lines": []}, "WiiMAudioQualitySensor.__init__": {"executed_lines": [520, 521, 522], "summary": {"covered_lines": 3, "num_statements": 3, "percent_covered": 100.0, "percent_covered_display": "100", "missing_lines": 0, "excluded_lines": 0}, "missing_lines": [], "excluded_lines": []}, "WiiMAudioQualitySensor.native_value": {"executed_lines": [527, 528, 529, 531, 532, 533, 536, 545, 546], "summary": {"covered_lines": 9, "num_statements": 20, "percent_covered": 45.0, "percent_covered_display": "45", "missing_lines": 11, "excluded_lines": 0}, "missing_lines": [538, 539, 540, 541, 542, 543, 547, 548, 549, 550, 551], "excluded_lines": []}, "WiiMAudioQualitySensor.extra_state_attributes": {"executed_lines": [556, 557, 558], "summary": {"covered_lines": 3, "num_statements": 11, "percent_covered": 27.272727272727273, "percent_covered_display": "27", "missing_lines": 8, "excluded_lines": 0}, "missing_lines": [560, 561, 562, 563, 564, 565, 566, 568], "excluded_lines": []}, "WiiMSampleRateSensor.__init__": {"executed_lines": [580, 581, 582], "summary": {"covered_lines": 3, "num_statements": 3, "percent_covered": 100.0, "percent_covered_display": "100", "missing_lines": 0, "excluded_lines": 0}, "missing_lines": [], "excluded_lines": []}, "WiiMSampleRateSensor.native_value": {"executed_lines": [587, 588, 591, 596], "summary": {"covered_lines": 4, "num_statements": 7, "percent_covered": 57.142857142857146, "percent_covered_display": "57", "missing_lines": 3, "excluded_lines": 0}, "missing_lines": [592, 593, 594], "excluded_lines": []}, "WiiMBitDepthSensor.__init__": {"executed_lines": [608, 609, 610], "summary": {"covered_lines": 3, "num_statements": 3, "percent_covered": 100.0, "percent_covered_display": "100", "missing_lines": 0, "excluded_lines": 0}, "missing_lines": [], "excluded_lines": []}, "WiiMBitDepthSensor.native_value": {"executed_lines": [615, 616, 619, 624], "summary": {"covered_lines": 4, "num_statements": 7, "percent_covered": 57.142857142857146, "percent_covered_display": "57", "missing_lines": 3, "excluded_lines": 0}, "missing_lines": [620, 621, 622], "excluded_lines": []}, "WiiMBitRateSensor.__init__": {"executed_lines": [636, 637, 638], "summary": {"covered_lines": 3, "num_statements": 3, "percent_covered": 100.0, "percent_covered_display": "100", "missing_lines": 0, "excluded_lines": 0}, "missing_lines": [], "excluded_lines": []}, "WiiMBitRateSensor.native_value": {"executed_lines": [643, 644, 647, 652], "summary": {"covered_lines": 4, "num_statements": 7, "percent_covered": 57.142857142857146, "percent_covered_display": "57", "missing_lines": 3, "excluded_lines": 0}, "missing_lines": [648, 649, 650], "excluded_lines": []}, "": {"executed_lines": [1, 7, 9, 10, 12, 13, 14, 15, 16, 19, 20, 22, 25, 88, 89, 95, 96, 98, 105, 106, 110, 111, 126, 127, 175, 176, 178, 179, 180, 181, 182, 183, 185, 192, 193, 196, 197, 200, 201, 206, 214, 222, 227, 228, 260, 261, 330, 331, 333, 334, 335, 336, 337, 339, 345, 346, 359, 360, 399, 413, 423, 424, 434, 435, 437, 442, 443, 453, 454, 456, 457, 458, 460, 465, 466, 487, 488, 512, 513, 515, 516, 517, 519, 524, 525, 553, 554, 571, 572, 574, 575, 576, 577, 579, 584, 585, 599, 600, 602, 603, 604, 605, 607, 612, 613, 627, 628, 630, 631, 632, 633, 635, 640, 641], "summary": {"covered_lines": 104, "num_statements": 104, "percent_covered": 100.0, "percent_covered_display": "100", "missing_lines": 0, "excluded_lines": 0}, "missing_lines": [], "excluded_lines": []}}, "classes": {"WiiMRoleSensor": {"executed_lines": [100, 101, 103, 108, 113, 115, 116, 117, 123, 124, 130, 131, 132, 133, 135, 141, 142, 143, 144, 145, 148, 155, 158, 159, 161, 167], "summary": {"covered_lines": 26, "num_statements": 28, "percent_covered": 92.85714285714286, "percent_covered_display": "93", "missing_lines": 2, "excluded_lines": 0}, "missing_lines": [162, 165], "excluded_lines": []}, "WiiMDiagnosticSensor": {"executed_lines": [186, 187, 188, 194, 198, 202, 209, 210, 217, 218, 223, 231, 232, 233, 234, 235, 240, 241, 244, 252, 256, 262, 263, 264, 266, 296, 314, 315, 327], "summary": {"covered_lines": 29, "num_statements": 44, "percent_covered": 65.9090909090909, "percent_covered_display": "66", "missing_lines": 15, "excluded_lines": 0}, "missing_lines": [212, 220, 236, 237, 245, 246, 247, 248, 253, 254, 297, 298, 300, 301, 316], "excluded_lines": []}, "WiiMFirmwareSensor": {"executed_lines": [341, 342, 343, 349, 354, 357, 362, 364, 390], "summary": {"covered_lines": 9, "num_statements": 26, "percent_covered": 34.61538461538461, "percent_covered_display": "35", "missing_lines": 17, "excluded_lines": 0}, "missing_lines": [350, 351, 352, 355, 366, 367, 370, 371, 374, 375, 378, 379, 382, 384, 385, 386, 387], "excluded_lines": []}, "WiiMInputSensor": {"executed_lines": [438, 439, 440, 446, 447], "summary": {"covered_lines": 5, "num_statements": 5, "percent_covered": 100.0, "percent_covered_display": "100", "missing_lines": 0, "excluded_lines": 0}, "missing_lines": [], "excluded_lines": []}, "WiiMBluetoothOutputSensor": {"executed_lines": [461, 462, 463, 468, 470, 475, 478, 479, 480], "summary": {"covered_lines": 9, "num_statements": 18, "percent_covered": 50.0, "percent_covered_display": "50", "missing_lines": 9, "excluded_lines": 0}, "missing_lines": [481, 484, 485, 490, 492, 493, 497, 499, 503], "excluded_lines": []}, "WiiMAudioQualitySensor": {"executed_lines": [520, 521, 522, 527, 528, 529, 531, 532, 533, 536, 545, 546, 556, 557, 558], "summary": {"covered_lines": 15, "num_statements": 34, "percent_covered": 44.11764705882353, "percent_covered_display": "44", "missing_lines": 19, "excluded_lines": 0}, "missing_lines": [538, 539, 540, 541, 542, 543, 547, 548, 549, 550, 551, 560, 561, 562, 563, 564, 565, 566, 568], "excluded_lines": []}, "WiiMSampleRateSensor": {"executed_lines": [580, 581, 582, 587, 588, 591, 596], "summary": {"covered_lines": 7, "num_statements": 10, "percent_covered": 70.0, "percent_covered_display": "70", "missing_lines": 3, "excluded_lines": 0}, "missing_lines": [592, 593, 594], "excluded_lines": []}, "WiiMBitDepthSensor": {"executed_lines": [608, 609, 610, 615, 616, 619, 624], "summary": {"covered_lines": 7, "num_statements": 10, "percent_covered": 70.0, "percent_covered_display": "70", "missing_lines": 3, "excluded_lines": 0}, "missing_lines": [620, 621, 622], "excluded_lines": []}, "WiiMBitRateSensor": {"executed_lines": [636, 637, 638, 643, 644, 647, 652], "summary": {"covered_lines": 7, "num_statements": 10, "percent_covered": 70.0, "percent_covered_display": "70", "missing_lines": 3, "excluded_lines": 0}, "missing_lines": [648, 649, 650], "excluded_lines": []}, "": {"executed_lines": [1, 7, 9, 10, 12, 13, 14, 15, 16, 19, 20, 22, 25, 35, 37, 40, 45, 50, 51, 52, 53, 54, 55, 57, 66, 69, 73, 74, 75, 76, 77, 78, 80, 81, 88, 89, 95, 96, 98, 105, 106, 110, 111, 126, 127, 175, 176, 178, 179, 180, 181, 182, 183, 185, 192, 193, 196, 197, 200, 201, 206, 214, 222, 227, 228, 260, 261, 330, 331, 333, 334, 335, 336, 337, 339, 345, 346, 359, 360, 399, 400, 401, 402, 403, 404, 405, 406, 407, 413, 414, 415, 416, 417, 423, 424, 434, 435, 437, 442, 443, 453, 454, 456, 457, 458, 460, 465, 466, 487, 488, 512, 513, 515, 516, 517, 519, 524, 525, 553, 554, 571, 572, 574, 575, 576, 577, 579, 584, 585, 599, 600, 602, 603, 604, 605, 607, 612, 613, 627, 628, 630, 631, 632, 633, 635, 640, 641], "summary": {"covered_lines": 137, "num_statements": 141, "percent_covered": 97.16312056737588, "percent_covered_display": "97", "missing_lines": 4, "excluded_lines": 0}, "missing_lines": [62, 63, 408, 409], "excluded_lines": []}}}, "custom_components/wiim/switch.py": {"executed_lines": [1, 7, 9, 10, 12, 13, 14, 15, 17, 18, 19, 23, 34, 37, 46, 47, 49, 52, 53, 55, 56, 59, 60, 66, 68, 70, 71, 72, 73, 75, 76, 84, 99, 114, 115], "summary": {"covered_lines": 33, "num_statements": 58, "percent_covered": 56.89655172413793, "percent_covered_display": "57", "missing_lines": 25, "excluded_lines": 0}, "missing_lines": [78, 79, 81, 82, 90, 91, 92, 93, 95, 96, 97, 105, 106, 107, 108, 110, 111, 112, 117, 118, 120, 121, 122, 124, 130], "excluded_lines": [], "functions": {"async_setup_entry": {"executed_lines": [46, 47, 49, 52, 53, 55, 56], "summary": {"covered_lines": 7, "num_statements": 7, "percent_covered": 100.0, "percent_covered_display": "100", "missing_lines": 0, "excluded_lines": 0}, "missing_lines": [], "excluded_lines": []}, "WiiMEqualizerSwitch.__init__": {"executed_lines": [70, 71, 72, 73], "summary": {"covered_lines": 4, "num_statements": 4, "percent_covered": 100.0, "percent_covered_display": "100", "missing_lines": 0, "excluded_lines": 0}, "missing_lines": [], "excluded_lines": []}, "WiiMEqualizerSwitch.is_on": {"executed_lines": [], "summary": {"covered_lines": 0, "num_statements": 4, "percent_covered": 0.0, "percent_covered_display": "0", "missing_lines": 4, "excluded_lines": 0}, "missing_lines": [78, 79, 81, 82], "excluded_lines": []}, "WiiMEqualizerSwitch.async_turn_on": {"executed_lines": [], "summary": {"covered_lines": 0, "num_statements": 7, "percent_covered": 0.0, "percent_covered_display": "0", "missing_lines": 7, "excluded_lines": 0}, "missing_lines": [90, 91, 92, 93, 95, 96, 97], "excluded_lines": []}, "WiiMEqualizerSwitch.async_turn_off": {"executed_lines": [], "summary": {"covered_lines": 0, "num_statements": 7, "percent_covered": 0.0, "percent_covered_display": "0", "missing_lines": 7, "excluded_lines": 0}, "missing_lines": [105, 106, 107, 108, 110, 111, 112], "excluded_lines": []}, "WiiMEqualizerSwitch.extra_state_attributes": {"executed_lines": [], "summary": {"covered_lines": 0, "num_statements": 7, "percent_covered": 0.0, "percent_covered_display": "0", "missing_lines": 7, "excluded_lines": 0}, "missing_lines": [117, 118, 120, 121, 122, 124, 130], "excluded_lines": []}, "": {"executed_lines": [1, 7, 9, 10, 12, 13, 14, 15, 17, 18, 19, 23, 34, 37, 59, 60, 66, 68, 75, 76, 84, 99, 114, 115], "summary": {"covered_lines": 22, "num_statements": 22, "percent_covered": 100.0, "percent_covered_display": "100", "missing_lines": 0, "excluded_lines": 0}, "missing_lines": [], "excluded_lines": []}}, "classes": {"WiiMEqualizerSwitch": {"executed_lines": [70, 71, 72, 73], "summary": {"covered_lines": 4, "num_statements": 29, "percent_covered": 13.793103448275861, "percent_covered_display": "14", "missing_lines": 25, "excluded_lines": 0}, "missing_lines": [78, 79, 81, 82, 90, 91, 92, 93, 95, 96, 97, 105, 106, 107, 108, 110, 111, 112, 117, 118, 120, 121, 122, 124, 130], "excluded_lines": []}, "": {"executed_lines": [1, 7, 9, 10, 12, 13, 14, 15, 17, 18, 19, 23, 34, 37, 46, 47, 49, 52, 53, 55, 56, 59, 60, 66, 68, 75, 76, 84, 99, 114, 115], "summary": {"covered_lines": 29, "num_statements": 29, "percent_covered": 100.0, "percent_covered_display": "100", "missing_lines": 0, "excluded_lines": 0}, "missing_lines": [], "excluded_lines": []}}}, "custom_components/wiim/system_health.py": {"executed_lines": [1, 3, 5, 6, 8, 9, 12, 13, 15, 18, 20, 21, 24, 27, 28, 31, 32, 33, 34, 36, 46, 48, 50, 53, 54], "summary": {"covered_lines": 24, "num_statements": 26, "percent_covered": 92.3076923076923, "percent_covered_display": "92", "missing_lines": 2, "excluded_lines": 0}, "missing_lines": [51, 52], "excluded_lines": [], "functions": {"async_register": {"executed_lines": [15], "summary": {"covered_lines": 1, "num_statements": 1, "percent_covered": 100.0, "percent_covered_display": "100", "missing_lines": 0, "excluded_lines": 0}, "missing_lines": [], "excluded_lines": []}, "system_health_info": {"executed_lines": [20, 21, 24, 27, 28, 31, 32, 33, 34, 36], "summary": {"covered_lines": 10, "num_statements": 10, "percent_covered": 100.0, "percent_covered_display": "100", "missing_lines": 0, "excluded_lines": 0}, "missing_lines": [], "excluded_lines": []}, "_check_device_health": {"executed_lines": [48, 50, 53, 54], "summary": {"covered_lines": 4, "num_statements": 6, "percent_covered": 66.66666666666667, "percent_covered_display": "67", "missing_lines": 2, "excluded_lines": 0}, "missing_lines": [51, 52], "excluded_lines": []}, "": {"executed_lines": [1, 3, 5, 6, 8, 9, 12, 13, 18, 46], "summary": {"covered_lines": 9, "num_statements": 9, "percent_covered": 100.0, "percent_covered_display": "100", "missing_lines": 0, "excluded_lines": 0}, "missing_lines": [], "excluded_lines": []}}, "classes": {"": {"executed_lines": [1, 3, 5, 6, 8, 9, 12, 13, 15, 18, 20, 21, 24, 27, 28, 31, 32, 33, 34, 36, 46, 48, 50, 53, 54], "summary": {"covered_lines": 24, "num_statements": 26, "percent_covered": 92.3076923076923, "percent_covered_display": "92", "missing_lines": 2, "excluded_lines": 0}, "missing_lines": [51, 52], "excluded_lines": []}}}, "custom_components/wiim/update.py": {"executed_lines": [1, 9, 11, 12, 14, 19, 20, 21, 23, 24, 26, 29, 35, 36, 39, 40, 42, 43, 45, 46, 47, 48, 49, 50, 54, 55, 57, 58, 59, 61, 62, 64, 65, 66, 68, 69, 70, 72, 73, 79, 81, 82, 113, 115, 117, 118, 120, 121, 122], "summary": {"covered_lines": 44, "num_statements": 59, "percent_covered": 74.57627118644068, "percent_covered_display": "75", "missing_lines": 15, "excluded_lines": 3}, "missing_lines": [84, 86, 87, 89, 92, 93, 96, 97, 99, 102, 103, 106, 107, 109, 119], "excluded_lines": [120, 121, 122], "functions": {"async_setup_entry": {"executed_lines": [35, 36], "summary": {"covered_lines": 2, "num_statements": 2, "percent_covered": 100.0, "percent_covered_display": "100", "missing_lines": 0, "excluded_lines": 0}, "missing_lines": [], "excluded_lines": []}, "WiiMFirmwareUpdateEntity.__init__": {"executed_lines": [46, 47, 48, 49, 50], "summary": {"covered_lines": 5, "num_statements": 5, "percent_covered": 100.0, "percent_covered_display": "100", "missing_lines": 0, "excluded_lines": 0}, "missing_lines": [], "excluded_lines": []}, "WiiMFirmwareUpdateEntity.installed_version": {"executed_lines": [57, 58, 59], "summary": {"covered_lines": 3, "num_statements": 3, "percent_covered": 100.0, "percent_covered_display": "100", "missing_lines": 0, "excluded_lines": 0}, "missing_lines": [], "excluded_lines": []}, "WiiMFirmwareUpdateEntity.latest_version": {"executed_lines": [64, 65, 66, 68, 69, 70], "summary": {"covered_lines": 6, "num_statements": 6, "percent_covered": 100.0, "percent_covered_display": "100", "missing_lines": 0, "excluded_lines": 0}, "missing_lines": [], "excluded_lines": []}, "WiiMFirmwareUpdateEntity.available": {"executed_lines": [79], "summary": {"covered_lines": 1, "num_statements": 1, "percent_covered": 100.0, "percent_covered_display": "100", "missing_lines": 0, "excluded_lines": 0}, "missing_lines": [], "excluded_lines": []}, "WiiMFirmwareUpdateEntity.extra_state_attributes": {"executed_lines": [], "summary": {"covered_lines": 0, "num_statements": 14, "percent_covered": 0.0, "percent_covered_display": "0", "missing_lines": 14, "excluded_lines": 0}, "missing_lines": [84, 86, 87, 89, 92, 93, 96, 97, 99, 102, 103, 106, 107, 109], "excluded_lines": []}, "WiiMFirmwareUpdateEntity.async_install": {"executed_lines": [115, 117, 118, 120, 121, 122], "summary": {"covered_lines": 3, "num_statements": 4, "percent_covered": 75.0, "percent_covered_display": "75", "missing_lines": 1, "excluded_lines": 3}, "missing_lines": [119], "excluded_lines": [120, 121, 122]}, "": {"executed_lines": [1, 9, 11, 12, 14, 19, 20, 21, 23, 24, 26, 29, 39, 40, 42, 43, 45, 54, 55, 61, 62, 72, 73, 81, 82, 113], "summary": {"covered_lines": 24, "num_statements": 24, "percent_covered": 100.0, "percent_covered_display": "100", "missing_lines": 0, "excluded_lines": 0}, "missing_lines": [], "excluded_lines": []}}, "classes": {"WiiMFirmwareUpdateEntity": {"executed_lines": [46, 47, 48, 49, 50, 57, 58, 59, 64, 65, 66, 68, 69, 70, 79, 115, 117, 118, 120, 121, 122], "summary": {"covered_lines": 18, "num_statements": 33, "percent_covered": 54.54545454545455, "percent_covered_display": "55", "missing_lines": 15, "excluded_lines": 3}, "missing_lines": [84, 86, 87, 89, 92, 93, 96, 97, 99, 102, 103, 106, 107, 109, 119], "excluded_lines": [120, 121, 122]}, "": {"executed_lines": [1, 9, 11, 12, 14, 19, 20, 21, 23, 24, 26, 29, 35, 36, 39, 40, 42, 43, 45, 54, 55, 61, 62, 72, 73, 81, 82, 113], "summary": {"covered_lines": 26, "num_statements": 26, "percent_covered": 100.0, "percent_covered_display": "100", "missing_lines": 0, "excluded_lines": 0}, "missing_lines": [], "excluded_lines": []}}}}, "totals": {"covered_lines": 1335, "num_statements": 2363, "percent_covered": 56.495979686838766, "percent_covered_display": "56", "missing_lines": 1028, "excluded_lines": 11}}